{"C:\\Users\\franc\\Documents\\GitHub\\2025_proyecto1_front_imc\\src\\ImcForm.tsx": {"path":"C:\\Users\\franc\\Documents\\GitHub\\2025_proyecto1_front_imc\\src\\ImcForm.tsx","statementMap":{"0":{"start":{"line":1,"column":0},"end":{"line":1,"column":51}},"1":{"start":{"line":2,"column":0},"end":{"line":2,"column":51}},"2":{"start":{"line":3,"column":0},"end":{"line":3,"column":97}},"3":{"start":{"line":4,"column":0},"end":{"line":4,"column":46}},"4":{"start":{"line":5,"column":0},"end":{"line":5,"column":46}},"5":{"start":{"line":6,"column":0},"end":{"line":6,"column":48}},"6":{"start":{"line":7,"column":0},"end":{"line":7,"column":103}},"7":{"start":{"line":8,"column":0},"end":{"line":8,"column":82}},"8":{"start":{"line":9,"column":0},"end":{"line":9,"column":52}},"9":{"start":{"line":11,"column":0},"end":{"line":11,"column":72}},"10":{"start":{"line":12,"column":0},"end":{"line":12,"column":76}},"11":{"start":{"line":13,"column":0},"end":{"line":13,"column":65}},"12":{"start":{"line":14,"column":0},"end":{"line":14,"column":65}},"13":{"start":{"line":15,"column":0},"end":{"line":15,"column":39}},"14":{"start":{"line":16,"column":0},"end":{"line":16,"column":63}},"15":{"start":{"line":32,"column":0},"end":{"line":32,"column":32}},"16":{"start":{"line":33,"column":0},"end":{"line":33,"column":52}},"17":{"start":{"line":36,"column":30},"end":{"line":36,"column":42}},"18":{"start":{"line":37,"column":26},"end":{"line":37,"column":38}},"19":{"start":{"line":38,"column":36},"end":{"line":38,"column":68}},"20":{"start":{"line":39,"column":28},"end":{"line":39,"column":40}},"21":{"start":{"line":40,"column":40},"end":{"line":40,"column":52}},"22":{"start":{"line":41,"column":36},"end":{"line":41,"column":48}},"23":{"start":{"line":44,"column":36},"end":{"line":44,"column":61}},"24":{"start":{"line":46,"column":48},"end":{"line":46,"column":60}},"25":{"start":{"line":47,"column":48},"end":{"line":47,"column":60}},"26":{"start":{"line":49,"column":38},"end":{"line":49,"column":50}},"27":{"start":{"line":50,"column":38},"end":{"line":50,"column":50}},"28":{"start":{"line":51,"column":40},"end":{"line":51,"column":51}},"29":{"start":{"line":52,"column":29},"end":{"line":52,"column":31}},"30":{"start":{"line":53,"column":40},"end":{"line":53,"column":55}},"31":{"start":{"line":54,"column":28},"end":{"line":54,"column":70}},"32":{"start":{"line":55,"column":32},"end":{"line":55,"column":86}},"33":{"start":{"line":56,"column":32},"end":{"line":56,"column":64}},"34":{"start":{"line":57,"column":32},"end":{"line":57,"column":47}},"35":{"start":{"line":58,"column":50},"end":{"line":58,"column":65}},"36":{"start":{"line":77,"column":29},"end":{"line":81,"column":3}},"37":{"start":{"line":78,"column":25},"end":{"line":78,"column":59}},"38":{"start":{"line":79,"column":4},"end":{"line":79,"column":28}},"39":{"start":{"line":80,"column":4},"end":{"line":80,"column":40}},"40":{"start":{"line":80,"column":21},"end":{"line":80,"column":40}},"41":{"start":{"line":83,"column":27},"end":{"line":87,"column":3}},"42":{"start":{"line":84,"column":25},"end":{"line":84,"column":59}},"43":{"start":{"line":85,"column":4},"end":{"line":85,"column":26}},"44":{"start":{"line":86,"column":4},"end":{"line":86,"column":36}},"45":{"start":{"line":86,"column":19},"end":{"line":86,"column":36}},"46":{"start":{"line":89,"column":23},"end":{"line":123,"column":3}},"47":{"start":{"line":90,"column":4},"end":{"line":90,"column":23}},"48":{"start":{"line":91,"column":4},"end":{"line":91,"column":23}},"49":{"start":{"line":92,"column":4},"end":{"line":92,"column":21}},"50":{"start":{"line":93,"column":4},"end":{"line":93,"column":21}},"51":{"start":{"line":95,"column":22},"end":{"line":95,"column":58}},"52":{"start":{"line":96,"column":20},"end":{"line":96,"column":54}},"53":{"start":{"line":98,"column":29},"end":{"line":98,"column":54}},"54":{"start":{"line":99,"column":27},"end":{"line":99,"column":48}},"55":{"start":{"line":101,"column":4},"end":{"line":108,"column":5}},"56":{"start":{"line":102,"column":6},"end":{"line":102,"column":61}},"57":{"start":{"line":102,"column":28},"end":{"line":102,"column":61}},"58":{"start":{"line":103,"column":6},"end":{"line":103,"column":55}},"59":{"start":{"line":103,"column":26},"end":{"line":103,"column":55}},"60":{"start":{"line":104,"column":6},"end":{"line":104,"column":25}},"61":{"start":{"line":105,"column":6},"end":{"line":105,"column":19}},"62":{"start":{"line":106,"column":6},"end":{"line":106,"column":24}},"63":{"start":{"line":107,"column":6},"end":{"line":107,"column":13}},"64":{"start":{"line":110,"column":4},"end":{"line":122,"column":5}},"65":{"start":{"line":111,"column":23},"end":{"line":114,"column":8}},"66":{"start":{"line":115,"column":6},"end":{"line":115,"column":34}},"67":{"start":{"line":116,"column":6},"end":{"line":116,"column":19}},"68":{"start":{"line":118,"column":6},"end":{"line":118,"column":83}},"69":{"start":{"line":119,"column":6},"end":{"line":119,"column":25}},"70":{"start":{"line":121,"column":6},"end":{"line":121,"column":24}},"71":{"start":{"line":126,"column":2},"end":{"line":149,"column":31}},"72":{"start":{"line":127,"column":27},"end":{"line":147,"column":5}},"73":{"start":{"line":128,"column":6},"end":{"line":128,"column":32}},"74":{"start":{"line":129,"column":6},"end":{"line":146,"column":7}},"75":{"start":{"line":130,"column":18},"end":{"line":130,"column":34}},"76":{"start":{"line":131,"column":23},"end":{"line":131,"column":25}},"77":{"start":{"line":132,"column":8},"end":{"line":132,"column":59}},"78":{"start":{"line":132,"column":24},"end":{"line":132,"column":59}},"79":{"start":{"line":133,"column":8},"end":{"line":133,"column":59}},"80":{"start":{"line":133,"column":24},"end":{"line":133,"column":59}},"81":{"start":{"line":134,"column":8},"end":{"line":134,"column":57}},"82":{"start":{"line":134,"column":27},"end":{"line":134,"column":57}},"83":{"start":{"line":136,"column":25},"end":{"line":136,"column":43}},"84":{"start":{"line":137,"column":26},"end":{"line":139,"column":null}},"85":{"start":{"line":139,"column":12},"end":{"line":139,"column":77}},"86":{"start":{"line":141,"column":8},"end":{"line":141,"column":32}},"87":{"start":{"line":143,"column":8},"end":{"line":143,"column":25}},"88":{"start":{"line":145,"column":8},"end":{"line":145,"column":35}},"89":{"start":{"line":148,"column":4},"end":{"line":148,"column":21}},"90":{"start":{"line":151,"column":2},"end":{"line":157,"column":20}},"91":{"start":{"line":152,"column":4},"end":{"line":156,"column":5}},"92":{"start":{"line":153,"column":19},"end":{"line":153,"column":74}},"93":{"start":{"line":154,"column":17},"end":{"line":154,"column":72}},"94":{"start":{"line":155,"column":6},"end":{"line":155,"column":29}},"95":{"start":{"line":160,"column":29},"end":{"line":180,"column":6}},"96":{"start":{"line":161,"column":20},"end":{"line":161,"column":29}},"97":{"start":{"line":162,"column":4},"end":{"line":169,"column":5}},"98":{"start":{"line":163,"column":6},"end":{"line":168,"column":9}},"99":{"start":{"line":164,"column":26},"end":{"line":164,"column":78}},"100":{"start":{"line":165,"column":24},"end":{"line":165,"column":67}},"101":{"start":{"line":166,"column":24},"end":{"line":166,"column":67}},"102":{"start":{"line":167,"column":8},"end":{"line":167,"column":34}},"103":{"start":{"line":170,"column":4},"end":{"line":178,"column":5}},"104":{"start":{"line":171,"column":18},"end":{"line":171,"column":44}},"105":{"start":{"line":172,"column":6},"end":{"line":177,"column":9}},"106":{"start":{"line":173,"column":19},"end":{"line":173,"column":39}},"107":{"start":{"line":174,"column":19},"end":{"line":174,"column":39}},"108":{"start":{"line":175,"column":8},"end":{"line":175,"column":32}},"109":{"start":{"line":175,"column":23},"end":{"line":175,"column":32}},"110":{"start":{"line":176,"column":8},"end":{"line":176,"column":36}},"111":{"start":{"line":179,"column":4},"end":{"line":179,"column":21}},"112":{"start":{"line":182,"column":23},"end":{"line":182,"column":80}},"113":{"start":{"line":183,"column":26},"end":{"line":185,"column":null}},"114":{"start":{"line":188,"column":2},"end":{"line":487,"column":4}},"115":{"start":{"line":197,"column":67},"end":{"line":197,"column":87}},"116":{"start":{"line":297,"column":54},"end":{"line":297,"column":68}},"117":{"start":{"line":333,"column":14},"end":{"line":333,"column":33}},"118":{"start":{"line":334,"column":14},"end":{"line":334,"column":45}},"119":{"start":{"line":335,"column":14},"end":{"line":335,"column":45}},"120":{"start":{"line":336,"column":14},"end":{"line":336,"column":32}},"121":{"start":{"line":356,"column":22},"end":{"line":356,"column":34}},"122":{"start":{"line":357,"column":22},"end":{"line":357,"column":92}},"123":{"start":{"line":358,"column":22},"end":{"line":358,"column":88}},"124":{"start":{"line":371,"column":16},"end":{"line":371,"column":39}},"125":{"start":{"line":372,"column":16},"end":{"line":372,"column":39}},"126":{"start":{"line":373,"column":16},"end":{"line":373,"column":34}},"127":{"start":{"line":374,"column":16},"end":{"line":374,"column":34}},"128":{"start":{"line":375,"column":16},"end":{"line":375,"column":36}},"129":{"start":{"line":376,"column":16},"end":{"line":376,"column":34}},"130":{"start":{"line":388,"column":20},"end":{"line":388,"column":38}},"131":{"start":{"line":401,"column":26},"end":{"line":401,"column":45}},"132":{"start":{"line":402,"column":26},"end":{"line":402,"column":103}},"133":{"start":{"line":402,"column":45},"end":{"line":402,"column":101}},"134":{"start":{"line":415,"column":26},"end":{"line":415,"column":47}},"135":{"start":{"line":416,"column":26},"end":{"line":416,"column":105}},"136":{"start":{"line":416,"column":45},"end":{"line":416,"column":103}},"137":{"start":{"line":429,"column":26},"end":{"line":429,"column":50}},"138":{"start":{"line":430,"column":26},"end":{"line":430,"column":108}},"139":{"start":{"line":430,"column":45},"end":{"line":430,"column":106}},"140":{"start":{"line":450,"column":22},"end":{"line":450,"column":40}},"141":{"start":{"line":469,"column":29},"end":{"line":469,"column":60}},"142":{"start":{"line":478,"column":29},"end":{"line":478,"column":60}},"143":{"start":{"line":490,"column":0},"end":{"line":490,"column":23}}},"fnMap":{"0":{"name":"ImcForm","decl":{"start":{"line":35,"column":9},"end":{"line":35,"column":16}},"loc":{"start":{"line":35,"column":16},"end":{"line":488,"column":1}}},"1":{"name":"(anonymous_1)","decl":{"start":{"line":77,"column":29},"end":{"line":77,"column":30}},"loc":{"start":{"line":77,"column":72},"end":{"line":81,"column":3}}},"2":{"name":"(anonymous_2)","decl":{"start":{"line":83,"column":27},"end":{"line":83,"column":28}},"loc":{"start":{"line":83,"column":70},"end":{"line":87,"column":3}}},"3":{"name":"(anonymous_3)","decl":{"start":{"line":89,"column":23},"end":{"line":89,"column":28}},"loc":{"start":{"line":89,"column":52},"end":{"line":123,"column":3}}},"4":{"name":"(anonymous_4)","decl":{"start":{"line":126,"column":12},"end":{"line":126,"column":15}},"loc":{"start":{"line":126,"column":17},"end":{"line":149,"column":3}}},"5":{"name":"(anonymous_5)","decl":{"start":{"line":127,"column":27},"end":{"line":127,"column":32}},"loc":{"start":{"line":127,"column":38},"end":{"line":147,"column":5}}},"6":{"name":"(anonymous_6)","decl":{"start":{"line":138,"column":10},"end":{"line":138,"column":11}},"loc":{"start":{"line":139,"column":12},"end":{"line":139,"column":77}}},"7":{"name":"(anonymous_7)","decl":{"start":{"line":151,"column":12},"end":{"line":151,"column":15}},"loc":{"start":{"line":151,"column":17},"end":{"line":157,"column":3}}},"8":{"name":"(anonymous_8)","decl":{"start":{"line":160,"column":30},"end":{"line":160,"column":33}},"loc":{"start":{"line":160,"column":35},"end":{"line":180,"column":3}}},"9":{"name":"(anonymous_9)","decl":{"start":{"line":163,"column":35},"end":{"line":163,"column":39}},"loc":{"start":{"line":163,"column":42},"end":{"line":168,"column":7}}},"10":{"name":"(anonymous_10)","decl":{"start":{"line":172,"column":38},"end":{"line":172,"column":39}},"loc":{"start":{"line":172,"column":47},"end":{"line":177,"column":7}}},"11":{"name":"(anonymous_11)","decl":{"start":{"line":197,"column":61},"end":{"line":197,"column":64}},"loc":{"start":{"line":197,"column":67},"end":{"line":197,"column":87}}},"12":{"name":"(anonymous_12)","decl":{"start":{"line":297,"column":43},"end":{"line":297,"column":44}},"loc":{"start":{"line":297,"column":54},"end":{"line":297,"column":68}}},"13":{"name":"(anonymous_13)","decl":{"start":{"line":332,"column":22},"end":{"line":332,"column":23}},"loc":{"start":{"line":332,"column":26},"end":{"line":337,"column":13}}},"14":{"name":"(anonymous_14)","decl":{"start":{"line":355,"column":30},"end":{"line":355,"column":31}},"loc":{"start":{"line":355,"column":36},"end":{"line":359,"column":21}}},"15":{"name":"(anonymous_15)","decl":{"start":{"line":370,"column":23},"end":{"line":370,"column":26}},"loc":{"start":{"line":370,"column":28},"end":{"line":377,"column":15}}},"16":{"name":"(anonymous_16)","decl":{"start":{"line":387,"column":49},"end":{"line":387,"column":50}},"loc":{"start":{"line":388,"column":20},"end":{"line":388,"column":38}}},"17":{"name":"(anonymous_17)","decl":{"start":{"line":400,"column":33},"end":{"line":400,"column":36}},"loc":{"start":{"line":400,"column":38},"end":{"line":403,"column":25}}},"18":{"name":"(anonymous_18)","decl":{"start":{"line":402,"column":37},"end":{"line":402,"column":41}},"loc":{"start":{"line":402,"column":45},"end":{"line":402,"column":101}}},"19":{"name":"(anonymous_19)","decl":{"start":{"line":414,"column":33},"end":{"line":414,"column":36}},"loc":{"start":{"line":414,"column":38},"end":{"line":417,"column":25}}},"20":{"name":"(anonymous_20)","decl":{"start":{"line":416,"column":37},"end":{"line":416,"column":41}},"loc":{"start":{"line":416,"column":45},"end":{"line":416,"column":103}}},"21":{"name":"(anonymous_21)","decl":{"start":{"line":428,"column":33},"end":{"line":428,"column":36}},"loc":{"start":{"line":428,"column":38},"end":{"line":431,"column":25}}},"22":{"name":"(anonymous_22)","decl":{"start":{"line":430,"column":37},"end":{"line":430,"column":41}},"loc":{"start":{"line":430,"column":45},"end":{"line":430,"column":106}}},"23":{"name":"(anonymous_23)","decl":{"start":{"line":449,"column":40},"end":{"line":449,"column":44}},"loc":{"start":{"line":450,"column":22},"end":{"line":450,"column":40}}},"24":{"name":"(anonymous_24)","decl":{"start":{"line":469,"column":23},"end":{"line":469,"column":26}},"loc":{"start":{"line":469,"column":29},"end":{"line":469,"column":60}}},"25":{"name":"(anonymous_25)","decl":{"start":{"line":478,"column":23},"end":{"line":478,"column":26}},"loc":{"start":{"line":478,"column":29},"end":{"line":478,"column":60}}}},"branchMap":{"0":{"loc":{"start":{"line":80,"column":4},"end":{"line":80,"column":40}},"type":"if","locations":[{"start":{"line":80,"column":4},"end":{"line":80,"column":40}},{"start":{},"end":{}}]},"1":{"loc":{"start":{"line":86,"column":4},"end":{"line":86,"column":36}},"type":"if","locations":[{"start":{"line":86,"column":4},"end":{"line":86,"column":36}},{"start":{},"end":{}}]},"2":{"loc":{"start":{"line":101,"column":4},"end":{"line":108,"column":5}},"type":"if","locations":[{"start":{"line":101,"column":4},"end":{"line":108,"column":5}},{"start":{},"end":{}}]},"3":{"loc":{"start":{"line":101,"column":8},"end":{"line":101,"column":42}},"type":"binary-expr","locations":[{"start":{"line":101,"column":8},"end":{"line":101,"column":24}},{"start":{"line":101,"column":28},"end":{"line":101,"column":42}}]},"4":{"loc":{"start":{"line":102,"column":6},"end":{"line":102,"column":61}},"type":"if","locations":[{"start":{"line":102,"column":6},"end":{"line":102,"column":61}},{"start":{},"end":{}}]},"5":{"loc":{"start":{"line":103,"column":6},"end":{"line":103,"column":55}},"type":"if","locations":[{"start":{"line":103,"column":6},"end":{"line":103,"column":55}},{"start":{},"end":{}}]},"6":{"loc":{"start":{"line":132,"column":8},"end":{"line":132,"column":59}},"type":"if","locations":[{"start":{"line":132,"column":8},"end":{"line":132,"column":59}},{"start":{},"end":{}}]},"7":{"loc":{"start":{"line":133,"column":8},"end":{"line":133,"column":59}},"type":"if","locations":[{"start":{"line":133,"column":8},"end":{"line":133,"column":59}},{"start":{},"end":{}}]},"8":{"loc":{"start":{"line":134,"column":8},"end":{"line":134,"column":57}},"type":"if","locations":[{"start":{"line":134,"column":8},"end":{"line":134,"column":57}},{"start":{},"end":{}}]},"9":{"loc":{"start":{"line":152,"column":4},"end":{"line":156,"column":5}},"type":"if","locations":[{"start":{"line":152,"column":4},"end":{"line":156,"column":5}},{"start":{},"end":{}}]},"10":{"loc":{"start":{"line":153,"column":19},"end":{"line":153,"column":74}},"type":"cond-expr","locations":[{"start":{"line":153,"column":37},"end":{"line":153,"column":62}},{"start":{"line":153,"column":65},"end":{"line":153,"column":74}}]},"11":{"loc":{"start":{"line":154,"column":17},"end":{"line":154,"column":72}},"type":"cond-expr","locations":[{"start":{"line":154,"column":35},"end":{"line":154,"column":60}},{"start":{"line":154,"column":63},"end":{"line":154,"column":72}}]},"12":{"loc":{"start":{"line":162,"column":4},"end":{"line":169,"column":5}},"type":"if","locations":[{"start":{"line":162,"column":4},"end":{"line":169,"column":5}},{"start":{},"end":{}}]},"13":{"loc":{"start":{"line":162,"column":8},"end":{"line":162,"column":32}},"type":"binary-expr","locations":[{"start":{"line":162,"column":8},"end":{"line":162,"column":18}},{"start":{"line":162,"column":22},"end":{"line":162,"column":32}}]},"14":{"loc":{"start":{"line":165,"column":24},"end":{"line":165,"column":67}},"type":"cond-expr","locations":[{"start":{"line":165,"column":37},"end":{"line":165,"column":60}},{"start":{"line":165,"column":63},"end":{"line":165,"column":67}}]},"15":{"loc":{"start":{"line":166,"column":24},"end":{"line":166,"column":67}},"type":"cond-expr","locations":[{"start":{"line":166,"column":37},"end":{"line":166,"column":60}},{"start":{"line":166,"column":63},"end":{"line":166,"column":67}}]},"16":{"loc":{"start":{"line":167,"column":15},"end":{"line":167,"column":33}},"type":"binary-expr","locations":[{"start":{"line":167,"column":15},"end":{"line":167,"column":22}},{"start":{"line":167,"column":26},"end":{"line":167,"column":33}}]},"17":{"loc":{"start":{"line":170,"column":4},"end":{"line":178,"column":5}},"type":"if","locations":[{"start":{"line":170,"column":4},"end":{"line":178,"column":5}},{"start":{},"end":{}}]},"18":{"loc":{"start":{"line":171,"column":18},"end":{"line":171,"column":44}},"type":"cond-expr","locations":[{"start":{"line":171,"column":38},"end":{"line":171,"column":39}},{"start":{"line":171,"column":42},"end":{"line":171,"column":44}}]},"19":{"loc":{"start":{"line":175,"column":8},"end":{"line":175,"column":32}},"type":"if","locations":[{"start":{"line":175,"column":8},"end":{"line":175,"column":32}},{"start":{},"end":{}}]},"20":{"loc":{"start":{"line":176,"column":15},"end":{"line":176,"column":35}},"type":"cond-expr","locations":[{"start":{"line":176,"column":25},"end":{"line":176,"column":28}},{"start":{"line":176,"column":31},"end":{"line":176,"column":35}}]},"21":{"loc":{"start":{"line":217,"column":36},"end":{"line":217,"column":76}},"type":"cond-expr","locations":[{"start":{"line":217,"column":50},"end":{"line":217,"column":64}},{"start":{"line":217,"column":67},"end":{"line":217,"column":76}}]},"22":{"loc":{"start":{"line":218,"column":29},"end":{"line":218,"column":106}},"type":"cond-expr","locations":[{"start":{"line":218,"column":43},"end":{"line":218,"column":94}},{"start":{"line":218,"column":97},"end":{"line":218,"column":106}}]},"23":{"loc":{"start":{"line":221,"column":17},"end":{"line":225,"column":null}},"type":"binary-expr","locations":[{"start":{"line":221,"column":17},"end":{"line":221,"column":28}},{"start":{"line":222,"column":18},"end":{"line":224,"column":null}}]},"24":{"loc":{"start":{"line":241,"column":36},"end":{"line":241,"column":72}},"type":"cond-expr","locations":[{"start":{"line":241,"column":48},"end":{"line":241,"column":60}},{"start":{"line":241,"column":63},"end":{"line":241,"column":72}}]},"25":{"loc":{"start":{"line":242,"column":29},"end":{"line":242,"column":104}},"type":"cond-expr","locations":[{"start":{"line":242,"column":41},"end":{"line":242,"column":92}},{"start":{"line":242,"column":95},"end":{"line":242,"column":104}}]},"26":{"loc":{"start":{"line":245,"column":17},"end":{"line":249,"column":null}},"type":"binary-expr","locations":[{"start":{"line":245,"column":17},"end":{"line":245,"column":26}},{"start":{"line":246,"column":18},"end":{"line":248,"column":null}}]},"27":{"loc":{"start":{"line":253,"column":17},"end":{"line":253,"column":77}},"type":"binary-expr","locations":[{"start":{"line":253,"column":17},"end":{"line":253,"column":24}},{"start":{"line":253,"column":28},"end":{"line":253,"column":77}}]},"28":{"loc":{"start":{"line":254,"column":17},"end":{"line":254,"column":55}},"type":"cond-expr","locations":[{"start":{"line":254,"column":27},"end":{"line":254,"column":42}},{"start":{"line":254,"column":45},"end":{"line":254,"column":55}}]},"29":{"loc":{"start":{"line":256,"column":15},"end":{"line":265,"column":null}},"type":"binary-expr","locations":[{"start":{"line":256,"column":15},"end":{"line":256,"column":20}},{"start":{"line":257,"column":16},"end":{"line":264,"column":null}}]},"30":{"loc":{"start":{"line":271,"column":15},"end":{"line":308,"column":null}},"type":"cond-expr","locations":[{"start":{"line":272,"column":16},"end":{"line":302,"column":null}},{"start":{"line":305,"column":16},"end":{"line":307,"column":null}}]},"31":{"loc":{"start":{"line":344,"column":21},"end":{"line":346,"column":49}},"type":"cond-expr","locations":[{"start":{"line":345,"column":24},"end":{"line":345,"column":178}},{"start":{"line":346,"column":24},"end":{"line":346,"column":49}}]},"32":{"loc":{"start":{"line":344,"column":21},"end":{"line":344,"column":55}},"type":"binary-expr","locations":[{"start":{"line":344,"column":21},"end":{"line":344,"column":36}},{"start":{"line":344,"column":40},"end":{"line":344,"column":55}}]},"33":{"loc":{"start":{"line":345,"column":27},"end":{"line":345,"column":96}},"type":"cond-expr","locations":[{"start":{"line":345,"column":45},"end":{"line":345,"column":91}},{"start":{"line":345,"column":94},"end":{"line":345,"column":96}}]},"34":{"loc":{"start":{"line":345,"column":99},"end":{"line":345,"column":176}},"type":"cond-expr","locations":[{"start":{"line":345,"column":117},"end":{"line":345,"column":171}},{"start":{"line":345,"column":174},"end":{"line":345,"column":176}}]},"35":{"loc":{"start":{"line":357,"column":41},"end":{"line":357,"column":90}},"type":"cond-expr","locations":[{"start":{"line":357,"column":51},"end":{"line":357,"column":85}},{"start":{"line":357,"column":88},"end":{"line":357,"column":90}}]},"36":{"loc":{"start":{"line":358,"column":41},"end":{"line":358,"column":86}},"type":"cond-expr","locations":[{"start":{"line":358,"column":49},"end":{"line":358,"column":81}},{"start":{"line":358,"column":84},"end":{"line":358,"column":86}}]},"37":{"loc":{"start":{"line":385,"column":15},"end":{"line":461,"column":23}},"type":"cond-expr","locations":[{"start":{"line":386,"column":16},"end":{"line":389,"column":null}},{"start":{"line":391,"column":19},"end":{"line":460,"column":null}}]},"38":{"loc":{"start":{"line":402,"column":45},"end":{"line":402,"column":101}},"type":"cond-expr","locations":[{"start":{"line":402,"column":87},"end":{"line":402,"column":92}},{"start":{"line":402,"column":95},"end":{"line":402,"column":101}}]},"39":{"loc":{"start":{"line":402,"column":46},"end":{"line":402,"column":83}},"type":"binary-expr","locations":[{"start":{"line":402,"column":46},"end":{"line":402,"column":64}},{"start":{"line":402,"column":68},"end":{"line":402,"column":83}}]},"40":{"loc":{"start":{"line":407,"column":63},"end":{"line":407,"column":112}},"type":"cond-expr","locations":[{"start":{"line":407,"column":84},"end":{"line":407,"column":97}},{"start":{"line":407,"column":100},"end":{"line":407,"column":112}}]},"41":{"loc":{"start":{"line":416,"column":45},"end":{"line":416,"column":103}},"type":"cond-expr","locations":[{"start":{"line":416,"column":89},"end":{"line":416,"column":94}},{"start":{"line":416,"column":97},"end":{"line":416,"column":103}}]},"42":{"loc":{"start":{"line":416,"column":46},"end":{"line":416,"column":85}},"type":"binary-expr","locations":[{"start":{"line":416,"column":46},"end":{"line":416,"column":66}},{"start":{"line":416,"column":70},"end":{"line":416,"column":85}}]},"43":{"loc":{"start":{"line":421,"column":63},"end":{"line":421,"column":114}},"type":"cond-expr","locations":[{"start":{"line":421,"column":86},"end":{"line":421,"column":99}},{"start":{"line":421,"column":102},"end":{"line":421,"column":114}}]},"44":{"loc":{"start":{"line":430,"column":45},"end":{"line":430,"column":106}},"type":"cond-expr","locations":[{"start":{"line":430,"column":92},"end":{"line":430,"column":97}},{"start":{"line":430,"column":100},"end":{"line":430,"column":106}}]},"45":{"loc":{"start":{"line":430,"column":46},"end":{"line":430,"column":88}},"type":"binary-expr","locations":[{"start":{"line":430,"column":46},"end":{"line":430,"column":69}},{"start":{"line":430,"column":73},"end":{"line":430,"column":88}}]},"46":{"loc":{"start":{"line":435,"column":63},"end":{"line":435,"column":117}},"type":"cond-expr","locations":[{"start":{"line":435,"column":89},"end":{"line":435,"column":102}},{"start":{"line":435,"column":105},"end":{"line":435,"column":117}}]},"47":{"loc":{"start":{"line":442,"column":19},"end":{"line":457,"column":null}},"type":"cond-expr","locations":[{"start":{"line":443,"column":20},"end":{"line":446,"column":null}},{"start":{"line":449,"column":20},"end":{"line":457,"column":22}}]},"48":{"loc":{"start":{"line":474,"column":63},"end":{"line":474,"column":80}},"type":"binary-expr","locations":[{"start":{"line":474,"column":63},"end":{"line":474,"column":75}},{"start":{"line":474,"column":79},"end":{"line":474,"column":80}}]},"49":{"loc":{"start":{"line":477,"column":24},"end":{"line":477,"column":74}},"type":"binary-expr","locations":[{"start":{"line":477,"column":24},"end":{"line":477,"column":52}},{"start":{"line":477,"column":56},"end":{"line":477,"column":74}}]}},"s":{"0":4,"1":4,"2":4,"3":4,"4":4,"5":4,"6":4,"7":4,"8":4,"9":4,"10":4,"11":4,"12":4,"13":4,"14":4,"15":4,"16":4,"17":68,"18":67,"19":67,"20":67,"21":67,"22":67,"23":67,"24":67,"25":67,"26":67,"27":67,"28":67,"29":67,"30":67,"31":67,"32":67,"33":67,"34":67,"35":67,"36":67,"37":7,"38":7,"39":7,"40":0,"41":67,"42":8,"43":8,"44":8,"45":0,"46":67,"47":7,"48":7,"49":7,"50":7,"51":7,"52":7,"53":7,"54":7,"55":7,"56":2,"57":2,"58":2,"59":1,"60":2,"61":2,"62":2,"63":2,"64":5,"65":5,"66":5,"67":2,"68":3,"69":3,"70":5,"71":67,"72":13,"73":13,"74":13,"75":13,"76":13,"77":13,"78":0,"79":13,"80":0,"81":13,"82":0,"83":13,"84":13,"85":1,"86":2,"87":11,"88":13,"89":13,"90":67,"91":18,"92":5,"93":5,"94":5,"95":67,"96":67,"97":67,"98":0,"99":0,"100":0,"101":0,"102":0,"103":67,"104":1,"105":1,"106":1,"107":1,"108":1,"109":0,"110":1,"111":67,"112":67,"113":67,"114":67,"115":5,"116":0,"117":0,"118":0,"119":0,"120":0,"121":0,"122":0,"123":0,"124":1,"125":1,"126":1,"127":1,"128":1,"129":1,"130":200,"131":1,"132":1,"133":1,"134":0,"135":0,"136":0,"137":0,"138":0,"139":0,"140":5,"141":0,"142":0,"143":4},"f":{"0":68,"1":7,"2":8,"3":7,"4":13,"5":13,"6":1,"7":18,"8":67,"9":0,"10":1,"11":5,"12":0,"13":0,"14":0,"15":1,"16":200,"17":1,"18":1,"19":0,"20":0,"21":0,"22":0,"23":5,"24":0,"25":0},"b":{"0":[0,7],"1":[0,8],"2":[2,5],"3":[7,5],"4":[2,0],"5":[1,1],"6":[0,13],"7":[0,13],"8":[0,13],"9":[5,13],"10":[0,5],"11":[0,5],"12":[0,67],"13":[67,67],"14":[0,0],"15":[0,0],"16":[0,0],"17":[1,66],"18":[0,1],"19":[0,1],"20":[0,1],"21":[4,63],"22":[4,63],"23":[67,4],"24":[2,65],"25":[2,65],"26":[67,2],"27":[67,5],"28":[5,62],"29":[67,3],"30":[2,65],"31":[0,67],"32":[67,67],"33":[0,0],"34":[0,0],"35":[0,0],"36":[0,0],"37":[40,27],"38":[0,1],"39":[1,0],"40":[1,26],"41":[0,0],"42":[0,0],"43":[0,27],"44":[0,0],"45":[0,0],"46":[0,27],"47":[24,3],"48":[67,64],"49":[67,64]}}
,"C:\\Users\\franc\\Documents\\GitHub\\2025_proyecto1_front_imc\\src\\components\\auth\\AuthForm.tsx": {"path":"C:\\Users\\franc\\Documents\\GitHub\\2025_proyecto1_front_imc\\src\\components\\auth\\AuthForm.tsx","statementMap":{"0":{"start":{"line":7,"column":0},"end":{"line":7,"column":16}},"1":{"start":{"line":1,"column":0},"end":{"line":1,"column":33}},"2":{"start":{"line":2,"column":0},"end":{"line":2,"column":46}},"3":{"start":{"line":3,"column":0},"end":{"line":3,"column":43}},"4":{"start":{"line":4,"column":0},"end":{"line":4,"column":49}},"5":{"start":{"line":5,"column":0},"end":{"line":5,"column":56}},"6":{"start":{"line":8,"column":30},"end":{"line":8,"column":42}},"7":{"start":{"line":9,"column":36},"end":{"line":9,"column":48}},"8":{"start":{"line":10,"column":28},"end":{"line":10,"column":65}},"9":{"start":{"line":11,"column":34},"end":{"line":11,"column":49}},"10":{"start":{"line":12,"column":30},"end":{"line":12,"column":59}},"11":{"start":{"line":13,"column":44},"end":{"line":13,"column":59}},"12":{"start":{"line":14,"column":54},"end":{"line":14,"column":69}},"13":{"start":{"line":15,"column":22},"end":{"line":15,"column":32}},"14":{"start":{"line":19,"column":61},"end":{"line":44,"column":10}},"15":{"start":{"line":47,"column":8},"end":{"line":49,"column":9}},"16":{"start":{"line":48,"column":12},"end":{"line":48,"column":51}},"17":{"start":{"line":52,"column":8},"end":{"line":54,"column":9}},"18":{"start":{"line":53,"column":12},"end":{"line":53,"column":64}},"19":{"start":{"line":55,"column":8},"end":{"line":57,"column":9}},"20":{"start":{"line":56,"column":12},"end":{"line":56,"column":71}},"21":{"start":{"line":58,"column":8},"end":{"line":60,"column":9}},"22":{"start":{"line":59,"column":12},"end":{"line":59,"column":51}},"23":{"start":{"line":61,"column":8},"end":{"line":63,"column":9}},"24":{"start":{"line":62,"column":12},"end":{"line":62,"column":68}},"25":{"start":{"line":64,"column":8},"end":{"line":66,"column":9}},"26":{"start":{"line":65,"column":12},"end":{"line":65,"column":47}},"27":{"start":{"line":67,"column":8},"end":{"line":69,"column":9}},"28":{"start":{"line":68,"column":12},"end":{"line":68,"column":82}},"29":{"start":{"line":72,"column":8},"end":{"line":72,"column":54}},"30":{"start":{"line":76,"column":8},"end":{"line":76,"column":27}},"31":{"start":{"line":77,"column":8},"end":{"line":77,"column":23}},"32":{"start":{"line":78,"column":8},"end":{"line":78,"column":25}},"33":{"start":{"line":80,"column":8},"end":{"line":114,"column":9}},"34":{"start":{"line":81,"column":12},"end":{"line":108,"column":13}},"35":{"start":{"line":82,"column":34},"end":{"line":82,"column":81}},"36":{"start":{"line":83,"column":16},"end":{"line":83,"column":39}},"37":{"start":{"line":83,"column":27},"end":{"line":83,"column":39}},"38":{"start":{"line":86,"column":16},"end":{"line":86,"column":33}},"39":{"start":{"line":88,"column":16},"end":{"line":88,"column":29}},"40":{"start":{"line":89,"column":16},"end":{"line":89,"column":32}},"41":{"start":{"line":91,"column":16},"end":{"line":96,"column":19}},"42":{"start":{"line":98,"column":40},"end":{"line":101,"column":18}},"43":{"start":{"line":102,"column":16},"end":{"line":102,"column":39}},"44":{"start":{"line":102,"column":27},"end":{"line":102,"column":39}},"45":{"start":{"line":103,"column":16},"end":{"line":107,"column":19}},"46":{"start":{"line":110,"column":36},"end":{"line":110,"column":63}},"47":{"start":{"line":111,"column":12},"end":{"line":111,"column":38}},"48":{"start":{"line":113,"column":12},"end":{"line":113,"column":30}},"49":{"start":{"line":118,"column":8},"end":{"line":129,"column":9}},"50":{"start":{"line":119,"column":30},"end":{"line":124,"column":14}},"51":{"start":{"line":125,"column":12},"end":{"line":125,"column":35}},"52":{"start":{"line":125,"column":23},"end":{"line":125,"column":35}},"53":{"start":{"line":127,"column":36},"end":{"line":127,"column":63}},"54":{"start":{"line":128,"column":12},"end":{"line":128,"column":38}},"55":{"start":{"line":133,"column":4},"end":{"line":135,"column":5}},"56":{"start":{"line":134,"column":8},"end":{"line":134,"column":80}},"57":{"start":{"line":134,"column":48},"end":{"line":134,"column":75}},"58":{"start":{"line":137,"column":4},"end":{"line":318,"column":6}},"59":{"start":{"line":185,"column":49},"end":{"line":185,"column":73}},"60":{"start":{"line":201,"column":53},"end":{"line":201,"column":80}},"61":{"start":{"line":208,"column":51},"end":{"line":208,"column":81}},"62":{"start":{"line":279,"column":47},"end":{"line":279,"column":73}},"63":{"start":{"line":295,"column":55},"end":{"line":295,"column":72}},"64":{"start":{"line":306,"column":55},"end":{"line":306,"column":71}}},"fnMap":{"0":{"name":"AuthForm","decl":{"start":{"line":7,"column":16},"end":{"line":7,"column":24}},"loc":{"start":{"line":7,"column":24},"end":{"line":319,"column":1}}},"1":{"name":"translateError","decl":{"start":{"line":18,"column":13},"end":{"line":18,"column":27}},"loc":{"start":{"line":18,"column":48},"end":{"line":73,"column":5}}},"2":{"name":"handleSubmit","decl":{"start":{"line":75,"column":19},"end":{"line":75,"column":31}},"loc":{"start":{"line":75,"column":50},"end":{"line":115,"column":5}}},"3":{"name":"handleGoogleSignIn","decl":{"start":{"line":117,"column":19},"end":{"line":117,"column":37}},"loc":{"start":{"line":117,"column":37},"end":{"line":130,"column":5}}},"4":{"name":"(anonymous_4)","decl":{"start":{"line":134,"column":42},"end":{"line":134,"column":45}},"loc":{"start":{"line":134,"column":48},"end":{"line":134,"column":75}}},"5":{"name":"(anonymous_5)","decl":{"start":{"line":185,"column":42},"end":{"line":185,"column":43}},"loc":{"start":{"line":185,"column":49},"end":{"line":185,"column":73}}},"6":{"name":"(anonymous_6)","decl":{"start":{"line":201,"column":46},"end":{"line":201,"column":47}},"loc":{"start":{"line":201,"column":53},"end":{"line":201,"column":80}}},"7":{"name":"(anonymous_7)","decl":{"start":{"line":208,"column":45},"end":{"line":208,"column":48}},"loc":{"start":{"line":208,"column":51},"end":{"line":208,"column":81}}},"8":{"name":"(anonymous_8)","decl":{"start":{"line":279,"column":41},"end":{"line":279,"column":44}},"loc":{"start":{"line":279,"column":47},"end":{"line":279,"column":73}}},"9":{"name":"(anonymous_9)","decl":{"start":{"line":295,"column":49},"end":{"line":295,"column":52}},"loc":{"start":{"line":295,"column":55},"end":{"line":295,"column":72}}},"10":{"name":"(anonymous_10)","decl":{"start":{"line":306,"column":49},"end":{"line":306,"column":52}},"loc":{"start":{"line":306,"column":55},"end":{"line":306,"column":71}}}},"branchMap":{"0":{"loc":{"start":{"line":47,"column":8},"end":{"line":49,"column":9}},"type":"if","locations":[{"start":{"line":47,"column":8},"end":{"line":49,"column":9}},{"start":{},"end":{}}]},"1":{"loc":{"start":{"line":52,"column":8},"end":{"line":54,"column":9}},"type":"if","locations":[{"start":{"line":52,"column":8},"end":{"line":54,"column":9}},{"start":{},"end":{}}]},"2":{"loc":{"start":{"line":55,"column":8},"end":{"line":57,"column":9}},"type":"if","locations":[{"start":{"line":55,"column":8},"end":{"line":57,"column":9}},{"start":{},"end":{}}]},"3":{"loc":{"start":{"line":58,"column":8},"end":{"line":60,"column":9}},"type":"if","locations":[{"start":{"line":58,"column":8},"end":{"line":60,"column":9}},{"start":{},"end":{}}]},"4":{"loc":{"start":{"line":61,"column":8},"end":{"line":63,"column":9}},"type":"if","locations":[{"start":{"line":61,"column":8},"end":{"line":63,"column":9}},{"start":{},"end":{}}]},"5":{"loc":{"start":{"line":64,"column":8},"end":{"line":66,"column":9}},"type":"if","locations":[{"start":{"line":64,"column":8},"end":{"line":66,"column":9}},{"start":{},"end":{}}]},"6":{"loc":{"start":{"line":67,"column":8},"end":{"line":69,"column":9}},"type":"if","locations":[{"start":{"line":67,"column":8},"end":{"line":69,"column":9}},{"start":{},"end":{}}]},"7":{"loc":{"start":{"line":67,"column":12},"end":{"line":67,"column":88}},"type":"binary-expr","locations":[{"start":{"line":67,"column":12},"end":{"line":67,"column":52}},{"start":{"line":67,"column":56},"end":{"line":67,"column":88}}]},"8":{"loc":{"start":{"line":81,"column":12},"end":{"line":108,"column":13}},"type":"if","locations":[{"start":{"line":81,"column":12},"end":{"line":108,"column":13}},{"start":{"line":97,"column":19},"end":{"line":108,"column":13}}]},"9":{"loc":{"start":{"line":83,"column":16},"end":{"line":83,"column":39}},"type":"if","locations":[{"start":{"line":83,"column":16},"end":{"line":83,"column":39}},{"start":{},"end":{}}]},"10":{"loc":{"start":{"line":102,"column":16},"end":{"line":102,"column":39}},"type":"if","locations":[{"start":{"line":102,"column":16},"end":{"line":102,"column":39}},{"start":{},"end":{}}]},"11":{"loc":{"start":{"line":125,"column":12},"end":{"line":125,"column":35}},"type":"if","locations":[{"start":{"line":125,"column":12},"end":{"line":125,"column":35}},{"start":{},"end":{}}]},"12":{"loc":{"start":{"line":133,"column":4},"end":{"line":135,"column":5}},"type":"if","locations":[{"start":{"line":133,"column":4},"end":{"line":135,"column":5}},{"start":{},"end":{}}]},"13":{"loc":{"start":{"line":166,"column":29},"end":{"line":166,"column":92}},"type":"cond-expr","locations":[{"start":{"line":166,"column":48},"end":{"line":166,"column":70}},{"start":{"line":166,"column":73},"end":{"line":166,"column":92}}]},"14":{"loc":{"start":{"line":169,"column":29},"end":{"line":171,"column":64}},"type":"cond-expr","locations":[{"start":{"line":170,"column":34},"end":{"line":170,"column":77}},{"start":{"line":171,"column":34},"end":{"line":171,"column":64}}]},"15":{"loc":{"start":{"line":198,"column":42},"end":{"line":198,"column":76}},"type":"cond-expr","locations":[{"start":{"line":198,"column":57},"end":{"line":198,"column":63}},{"start":{"line":198,"column":66},"end":{"line":198,"column":76}}]},"16":{"loc":{"start":{"line":211,"column":37},"end":{"line":214,"column":null}},"type":"cond-expr","locations":[{"start":{"line":212,"column":40},"end":{"line":212,"column":70}},{"start":{"line":214,"column":40},"end":{"line":214,"column":67}}]},"17":{"loc":{"start":{"line":220,"column":25},"end":{"line":238,"column":null}},"type":"binary-expr","locations":[{"start":{"line":220,"column":25},"end":{"line":220,"column":30}},{"start":{"line":221,"column":28},"end":{"line":237,"column":null}}]},"18":{"loc":{"start":{"line":248,"column":29},"end":{"line":248,"column":107}},"type":"cond-expr","locations":[{"start":{"line":248,"column":39},"end":{"line":248,"column":52}},{"start":{"line":248,"column":55},"end":{"line":248,"column":107}}]},"19":{"loc":{"start":{"line":248,"column":55},"end":{"line":248,"column":107}},"type":"cond-expr","locations":[{"start":{"line":248,"column":74},"end":{"line":248,"column":90}},{"start":{"line":248,"column":93},"end":{"line":248,"column":107}}]},"20":{"loc":{"start":{"line":274,"column":21},"end":{"line":284,"column":null}},"type":"binary-expr","locations":[{"start":{"line":274,"column":21},"end":{"line":274,"column":37}},{"start":{"line":275,"column":24},"end":{"line":283,"column":null}}]},"21":{"loc":{"start":{"line":290,"column":29},"end":{"line":311,"column":null}},"type":"cond-expr","locations":[{"start":{"line":291,"column":32},"end":{"line":299,"column":null}},{"start":{"line":302,"column":32},"end":{"line":310,"column":null}}]}},"s":{"0":1,"1":1,"2":1,"3":1,"4":1,"5":1,"6":61,"7":61,"8":61,"9":61,"10":61,"11":61,"12":61,"13":61,"14":9,"15":9,"16":8,"17":1,"18":0,"19":1,"20":0,"21":1,"22":0,"23":1,"24":0,"25":1,"26":0,"27":1,"28":0,"29":1,"30":10,"31":10,"32":10,"33":10,"34":10,"35":4,"36":0,"37":0,"38":0,"39":0,"40":0,"41":0,"42":6,"43":1,"44":0,"45":1,"46":9,"47":9,"48":10,"49":1,"50":1,"51":1,"52":0,"53":0,"54":0,"55":61,"56":1,"57":0,"58":60,"59":10,"60":10,"61":1,"62":1,"63":5,"64":0},"f":{"0":61,"1":9,"2":10,"3":1,"4":0,"5":10,"6":10,"7":1,"8":1,"9":5,"10":0},"b":{"0":[8,1],"1":[0,1],"2":[0,1],"3":[0,1],"4":[0,1],"5":[0,1],"6":[0,1],"7":[1,1],"8":[4,6],"9":[0,0],"10":[0,1],"11":[0,1],"12":[1,60],"13":[39,21],"14":[39,21],"15":[1,59],"16":[1,59],"17":[60,9],"18":[10,50],"19":[33,17],"20":[60,39],"21":[39,21]}}
,"C:\\Users\\franc\\Documents\\GitHub\\2025_proyecto1_front_imc\\src\\components\\auth\\ResetPasswordForm.tsx": {"path":"C:\\Users\\franc\\Documents\\GitHub\\2025_proyecto1_front_imc\\src\\components\\auth\\ResetPasswordForm.tsx","statementMap":{"0":{"start":{"line":10,"column":0},"end":{"line":10,"column":16}},"1":{"start":{"line":1,"column":0},"end":{"line":1,"column":33}},"2":{"start":{"line":2,"column":0},"end":{"line":2,"column":46}},"3":{"start":{"line":3,"column":0},"end":{"line":3,"column":47}},"4":{"start":{"line":4,"column":0},"end":{"line":4,"column":49}},"5":{"start":{"line":11,"column":30},"end":{"line":11,"column":42}},"6":{"start":{"line":12,"column":34},"end":{"line":12,"column":49}},"7":{"start":{"line":13,"column":30},"end":{"line":13,"column":59}},"8":{"start":{"line":14,"column":34},"end":{"line":14,"column":49}},"9":{"start":{"line":15,"column":22},"end":{"line":15,"column":32}},"10":{"start":{"line":19,"column":61},"end":{"line":34,"column":10}},"11":{"start":{"line":37,"column":8},"end":{"line":39,"column":9}},"12":{"start":{"line":38,"column":12},"end":{"line":38,"column":51}},"13":{"start":{"line":42,"column":8},"end":{"line":44,"column":9}},"14":{"start":{"line":43,"column":12},"end":{"line":43,"column":47}},"15":{"start":{"line":45,"column":8},"end":{"line":47,"column":9}},"16":{"start":{"line":46,"column":12},"end":{"line":46,"column":62}},"17":{"start":{"line":48,"column":8},"end":{"line":50,"column":9}},"18":{"start":{"line":49,"column":12},"end":{"line":49,"column":82}},"19":{"start":{"line":51,"column":8},"end":{"line":53,"column":9}},"20":{"start":{"line":52,"column":12},"end":{"line":52,"column":60}},"21":{"start":{"line":56,"column":8},"end":{"line":56,"column":54}},"22":{"start":{"line":60,"column":8},"end":{"line":60,"column":27}},"23":{"start":{"line":61,"column":8},"end":{"line":61,"column":23}},"24":{"start":{"line":62,"column":8},"end":{"line":62,"column":25}},"25":{"start":{"line":64,"column":8},"end":{"line":83,"column":9}},"26":{"start":{"line":65,"column":30},"end":{"line":67,"column":14}},"27":{"start":{"line":69,"column":12},"end":{"line":69,"column":35}},"28":{"start":{"line":69,"column":23},"end":{"line":69,"column":35}},"29":{"start":{"line":71,"column":12},"end":{"line":71,"column":29}},"30":{"start":{"line":72,"column":12},"end":{"line":77,"column":15}},"31":{"start":{"line":79,"column":36},"end":{"line":79,"column":63}},"32":{"start":{"line":80,"column":12},"end":{"line":80,"column":38}},"33":{"start":{"line":82,"column":12},"end":{"line":82,"column":30}},"34":{"start":{"line":86,"column":4},"end":{"line":165,"column":5}},"35":{"start":{"line":87,"column":8},"end":{"line":164,"column":10}},"36":{"start":{"line":167,"column":4},"end":{"line":264,"column":6}},"37":{"start":{"line":212,"column":49},"end":{"line":212,"column":73}}},"fnMap":{"0":{"name":"ResetPasswordForm","decl":{"start":{"line":10,"column":16},"end":{"line":10,"column":33}},"loc":{"start":{"line":10,"column":68},"end":{"line":265,"column":1}}},"1":{"name":"translateError","decl":{"start":{"line":18,"column":13},"end":{"line":18,"column":27}},"loc":{"start":{"line":18,"column":48},"end":{"line":57,"column":5}}},"2":{"name":"handleSubmit","decl":{"start":{"line":59,"column":19},"end":{"line":59,"column":31}},"loc":{"start":{"line":59,"column":50},"end":{"line":84,"column":5}}},"3":{"name":"(anonymous_3)","decl":{"start":{"line":212,"column":42},"end":{"line":212,"column":43}},"loc":{"start":{"line":212,"column":49},"end":{"line":212,"column":73}}}},"branchMap":{"0":{"loc":{"start":{"line":37,"column":8},"end":{"line":39,"column":9}},"type":"if","locations":[{"start":{"line":37,"column":8},"end":{"line":39,"column":9}},{"start":{},"end":{}}]},"1":{"loc":{"start":{"line":42,"column":8},"end":{"line":44,"column":9}},"type":"if","locations":[{"start":{"line":42,"column":8},"end":{"line":44,"column":9}},{"start":{},"end":{}}]},"2":{"loc":{"start":{"line":45,"column":8},"end":{"line":47,"column":9}},"type":"if","locations":[{"start":{"line":45,"column":8},"end":{"line":47,"column":9}},{"start":{},"end":{}}]},"3":{"loc":{"start":{"line":48,"column":8},"end":{"line":50,"column":9}},"type":"if","locations":[{"start":{"line":48,"column":8},"end":{"line":50,"column":9}},{"start":{},"end":{}}]},"4":{"loc":{"start":{"line":48,"column":12},"end":{"line":48,"column":88}},"type":"binary-expr","locations":[{"start":{"line":48,"column":12},"end":{"line":48,"column":52}},{"start":{"line":48,"column":56},"end":{"line":48,"column":88}}]},"5":{"loc":{"start":{"line":51,"column":8},"end":{"line":53,"column":9}},"type":"if","locations":[{"start":{"line":51,"column":8},"end":{"line":53,"column":9}},{"start":{},"end":{}}]},"6":{"loc":{"start":{"line":69,"column":12},"end":{"line":69,"column":35}},"type":"if","locations":[{"start":{"line":69,"column":12},"end":{"line":69,"column":35}},{"start":{},"end":{}}]},"7":{"loc":{"start":{"line":86,"column":4},"end":{"line":165,"column":5}},"type":"if","locations":[{"start":{"line":86,"column":4},"end":{"line":165,"column":5}},{"start":{},"end":{}}]},"8":{"loc":{"start":{"line":218,"column":25},"end":{"line":236,"column":null}},"type":"binary-expr","locations":[{"start":{"line":218,"column":25},"end":{"line":218,"column":30}},{"start":{"line":219,"column":28},"end":{"line":235,"column":null}}]},"9":{"loc":{"start":{"line":246,"column":29},"end":{"line":246,"column":86}},"type":"cond-expr","locations":[{"start":{"line":246,"column":39},"end":{"line":246,"column":52}},{"start":{"line":246,"column":55},"end":{"line":246,"column":86}}]}},"s":{"0":2,"1":2,"2":2,"3":2,"4":2,"5":33,"6":33,"7":33,"8":33,"9":33,"10":6,"11":6,"12":5,"13":1,"14":0,"15":1,"16":0,"17":1,"18":0,"19":1,"20":0,"21":1,"22":7,"23":7,"24":7,"25":7,"26":7,"27":1,"28":0,"29":1,"30":1,"31":6,"32":6,"33":7,"34":33,"35":1,"36":32,"37":8},"f":{"0":33,"1":6,"2":7,"3":8},"b":{"0":[5,1],"1":[0,1],"2":[0,1],"3":[0,1],"4":[1,1],"5":[0,1],"6":[0,1],"7":[1,32],"8":[32,6],"9":[7,25]}}
,"C:\\Users\\franc\\Documents\\GitHub\\2025_proyecto1_front_imc\\src\\components\\ui\\Skeleton.tsx": {"path":"C:\\Users\\franc\\Documents\\GitHub\\2025_proyecto1_front_imc\\src\\components\\ui\\Skeleton.tsx","statementMap":{"0":{"start":{"line":5,"column":0},"end":{"line":5,"column":16}},"1":{"start":{"line":6,"column":4},"end":{"line":6,"column":80}}},"fnMap":{"0":{"name":"Skeleton","decl":{"start":{"line":5,"column":16},"end":{"line":5,"column":24}},"loc":{"start":{"line":5,"column":53},"end":{"line":7,"column":1}}}},"branchMap":{},"s":{"0":4,"1":25},"f":{"0":25},"b":{}}
,"C:\\Users\\franc\\Documents\\GitHub\\2025_proyecto1_front_imc\\src\\components\\ui\\alert.tsx": {"path":"C:\\Users\\franc\\Documents\\GitHub\\2025_proyecto1_front_imc\\src\\components\\ui\\alert.tsx","statementMap":{"0":{"start":{"line":1,"column":0},"end":{"line":1,"column":30}},"1":{"start":{"line":2,"column":0},"end":{"line":2,"column":36}},"2":{"start":{"line":4,"column":14},"end":{"line":12,"column":null}},"3":{"start":{"line":6,"column":4},"end":{"line":10,"column":null}},"4":{"start":{"line":30,"column":9},"end":{"line":30,"column":14}},"5":{"start":{"line":14,"column":0},"end":{"line":14,"column":null}},"6":{"start":{"line":16,"column":19},"end":{"line":19,"column":null}},"7":{"start":{"line":18,"column":4},"end":{"line":18,"column":105}},"8":{"start":{"line":30,"column":16},"end":{"line":30,"column":26}},"9":{"start":{"line":21,"column":0},"end":{"line":21,"column":null}},"10":{"start":{"line":23,"column":25},"end":{"line":26,"column":null}},"11":{"start":{"line":25,"column":4},"end":{"line":25,"column":91}},"12":{"start":{"line":30,"column":28},"end":{"line":30,"column":44}},"13":{"start":{"line":28,"column":0},"end":{"line":28,"column":null}}},"fnMap":{"0":{"name":"(anonymous_0)","decl":{"start":{"line":5,"column":2},"end":{"line":5,"column":3}},"loc":{"start":{"line":6,"column":4},"end":{"line":10,"column":null}}},"1":{"name":"(anonymous_1)","decl":{"start":{"line":17,"column":2},"end":{"line":17,"column":3}},"loc":{"start":{"line":18,"column":4},"end":{"line":18,"column":105}}},"2":{"name":"(anonymous_2)","decl":{"start":{"line":24,"column":2},"end":{"line":24,"column":3}},"loc":{"start":{"line":25,"column":4},"end":{"line":25,"column":91}}}},"branchMap":{},"s":{"0":4,"1":4,"2":4,"3":3,"4":4,"5":4,"6":4,"7":3,"8":4,"9":4,"10":4,"11":3,"12":4,"13":4},"f":{"0":3,"1":3,"2":3},"b":{}}
,"C:\\Users\\franc\\Documents\\GitHub\\2025_proyecto1_front_imc\\src\\components\\ui\\button.tsx": {"path":"C:\\Users\\franc\\Documents\\GitHub\\2025_proyecto1_front_imc\\src\\components\\ui\\button.tsx","statementMap":{"0":{"start":{"line":1,"column":0},"end":{"line":1,"column":30}},"1":{"start":{"line":2,"column":0},"end":{"line":2,"column":43}},"2":{"start":{"line":3,"column":0},"end":{"line":3,"column":65}},"3":{"start":{"line":4,"column":0},"end":{"line":4,"column":36}},"4":{"start":{"line":6,"column":23},"end":{"line":27,"column":null}},"5":{"start":{"line":50,"column":17},"end":{"line":50,"column":31}},"6":{"start":{"line":36,"column":15},"end":{"line":46,"column":null}},"7":{"start":{"line":38,"column":17},"end":{"line":38,"column":42}},"8":{"start":{"line":39,"column":4},"end":{"line":45,"column":null}},"9":{"start":{"line":50,"column":9},"end":{"line":50,"column":15}},"10":{"start":{"line":48,"column":0},"end":{"line":48,"column":null}}},"fnMap":{"0":{"name":"(anonymous_0)","decl":{"start":{"line":37,"column":2},"end":{"line":37,"column":3}},"loc":{"start":{"line":37,"column":67},"end":{"line":46,"column":3}}}},"branchMap":{"0":{"loc":{"start":{"line":37,"column":31},"end":{"line":37,"column":46}},"type":"default-arg","locations":[{"start":{"line":37,"column":41},"end":{"line":37,"column":46}}]},"1":{"loc":{"start":{"line":38,"column":17},"end":{"line":38,"column":42}},"type":"cond-expr","locations":[{"start":{"line":38,"column":27},"end":{"line":38,"column":31}},{"start":{"line":38,"column":34},"end":{"line":38,"column":42}}]}},"s":{"0":5,"1":5,"2":5,"3":5,"4":5,"5":5,"6":5,"7":196,"8":196,"9":5,"10":5},"f":{"0":196},"b":{"0":[196],"1":[0,196]}}
,"C:\\Users\\franc\\Documents\\GitHub\\2025_proyecto1_front_imc\\src\\components\\ui\\calendar.tsx": {"path":"C:\\Users\\franc\\Documents\\GitHub\\2025_proyecto1_front_imc\\src\\components\\ui\\calendar.tsx","statementMap":{"0":{"start":{"line":78,"column":9},"end":{"line":78,"column":17}},"1":{"start":{"line":1,"column":0},"end":{"line":1,"column":30}},"2":{"start":{"line":2,"column":0},"end":{"line":2,"column":44}},"3":{"start":{"line":3,"column":0},"end":{"line":3,"column":36}},"4":{"start":{"line":4,"column":0},"end":{"line":4,"column":40}},"5":{"start":{"line":6,"column":0},"end":{"line":6,"column":36}},"6":{"start":{"line":11,"column":37},"end":{"line":15,"column":null}},"7":{"start":{"line":16,"column":2},"end":{"line":73,"column":null}},"8":{"start":{"line":76,"column":0},"end":{"line":76,"column":null}}},"fnMap":{"0":{"name":"Calendar","decl":{"start":{"line":10,"column":9},"end":{"line":10,"column":17}},"loc":{"start":{"line":10,"column":130},"end":{"line":74,"column":1}}}},"branchMap":{"0":{"loc":{"start":{"line":10,"column":43},"end":{"line":10,"column":65}},"type":"default-arg","locations":[{"start":{"line":10,"column":61},"end":{"line":10,"column":65}}]},"1":{"loc":{"start":{"line":45,"column":12},"end":{"line":45,"column":37}},"type":"binary-expr","locations":[{"start":{"line":45,"column":12},"end":{"line":45,"column":31}},{"start":{"line":45,"column":35},"end":{"line":45,"column":37}}]},"2":{"loc":{"start":{"line":69,"column":12},"end":{"line":69,"column":33}},"type":"binary-expr","locations":[{"start":{"line":69,"column":12},"end":{"line":69,"column":27}},{"start":{"line":69,"column":31},"end":{"line":69,"column":33}}]}},"s":{"0":5,"1":5,"2":5,"3":5,"4":5,"5":5,"6":1,"7":1,"8":5},"f":{"0":1},"b":{"0":[1],"1":[1,1],"2":[1,1]}}
,"C:\\Users\\franc\\Documents\\GitHub\\2025_proyecto1_front_imc\\src\\components\\ui\\card.tsx": {"path":"C:\\Users\\franc\\Documents\\GitHub\\2025_proyecto1_front_imc\\src\\components\\ui\\card.tsx","statementMap":{"0":{"start":{"line":1,"column":0},"end":{"line":1,"column":30}},"1":{"start":{"line":2,"column":0},"end":{"line":2,"column":36}},"2":{"start":{"line":4,"column":13},"end":{"line":11,"column":null}},"3":{"start":{"line":6,"column":4},"end":{"line":9,"column":null}},"4":{"start":{"line":50,"column":9},"end":{"line":50,"column":13}},"5":{"start":{"line":13,"column":0},"end":{"line":13,"column":null}},"6":{"start":{"line":15,"column":19},"end":{"line":18,"column":null}},"7":{"start":{"line":17,"column":4},"end":{"line":17,"column":91}},"8":{"start":{"line":50,"column":15},"end":{"line":50,"column":25}},"9":{"start":{"line":20,"column":0},"end":{"line":20,"column":null}},"10":{"start":{"line":22,"column":18},"end":{"line":25,"column":null}},"11":{"start":{"line":24,"column":4},"end":{"line":24,"column":111}},"12":{"start":{"line":50,"column":39},"end":{"line":50,"column":48}},"13":{"start":{"line":27,"column":0},"end":{"line":27,"column":null}},"14":{"start":{"line":29,"column":24},"end":{"line":32,"column":null}},"15":{"start":{"line":31,"column":4},"end":{"line":31,"column":89}},"16":{"start":{"line":50,"column":50},"end":{"line":50,"column":65}},"17":{"start":{"line":34,"column":0},"end":{"line":34,"column":null}},"18":{"start":{"line":36,"column":20},"end":{"line":39,"column":null}},"19":{"start":{"line":38,"column":4},"end":{"line":38,"column":70}},"20":{"start":{"line":50,"column":67},"end":{"line":50,"column":78}},"21":{"start":{"line":41,"column":0},"end":{"line":41,"column":null}},"22":{"start":{"line":43,"column":19},"end":{"line":46,"column":null}},"23":{"start":{"line":45,"column":4},"end":{"line":45,"column":88}},"24":{"start":{"line":50,"column":27},"end":{"line":50,"column":37}},"25":{"start":{"line":48,"column":0},"end":{"line":48,"column":null}}},"fnMap":{"0":{"name":"(anonymous_0)","decl":{"start":{"line":5,"column":2},"end":{"line":5,"column":3}},"loc":{"start":{"line":6,"column":4},"end":{"line":9,"column":null}}},"1":{"name":"(anonymous_1)","decl":{"start":{"line":16,"column":2},"end":{"line":16,"column":3}},"loc":{"start":{"line":17,"column":4},"end":{"line":17,"column":91}}},"2":{"name":"(anonymous_2)","decl":{"start":{"line":23,"column":2},"end":{"line":23,"column":3}},"loc":{"start":{"line":24,"column":4},"end":{"line":24,"column":111}}},"3":{"name":"(anonymous_3)","decl":{"start":{"line":30,"column":2},"end":{"line":30,"column":3}},"loc":{"start":{"line":31,"column":4},"end":{"line":31,"column":89}}},"4":{"name":"(anonymous_4)","decl":{"start":{"line":37,"column":2},"end":{"line":37,"column":3}},"loc":{"start":{"line":38,"column":4},"end":{"line":38,"column":70}}},"5":{"name":"(anonymous_5)","decl":{"start":{"line":44,"column":2},"end":{"line":44,"column":3}},"loc":{"start":{"line":45,"column":4},"end":{"line":45,"column":88}}}},"branchMap":{},"s":{"0":4,"1":4,"2":4,"3":67,"4":4,"5":4,"6":4,"7":67,"8":4,"9":4,"10":4,"11":67,"12":4,"13":4,"14":4,"15":67,"16":4,"17":4,"18":4,"19":67,"20":4,"21":4,"22":4,"23":0,"24":4,"25":4},"f":{"0":67,"1":67,"2":67,"3":67,"4":67,"5":0},"b":{}}
,"C:\\Users\\franc\\Documents\\GitHub\\2025_proyecto1_front_imc\\src\\components\\ui\\dialog.tsx": {"path":"C:\\Users\\franc\\Documents\\GitHub\\2025_proyecto1_front_imc\\src\\components\\ui\\dialog.tsx","statementMap":{"0":{"start":{"line":1,"column":0},"end":{"line":1,"column":30}},"1":{"start":{"line":2,"column":0},"end":{"line":2,"column":57}},"2":{"start":{"line":3,"column":0},"end":{"line":3,"column":36}},"3":{"start":{"line":5,"column":15},"end":{"line":5,"column":35}},"4":{"start":{"line":69,"column":9},"end":{"line":69,"column":15}},"5":{"start":{"line":6,"column":22},"end":{"line":6,"column":45}},"6":{"start":{"line":69,"column":17},"end":{"line":69,"column":30}},"7":{"start":{"line":7,"column":21},"end":{"line":7,"column":43}},"8":{"start":{"line":8,"column":20},"end":{"line":8,"column":41}},"9":{"start":{"line":69,"column":107},"end":{"line":69,"column":118}},"10":{"start":{"line":10,"column":22},"end":{"line":22,"column":2}},"11":{"start":{"line":14,"column":2},"end":{"line":20,"column":null}},"12":{"start":{"line":23,"column":0},"end":{"line":23,"column":null}},"13":{"start":{"line":25,"column":22},"end":{"line":42,"column":2}},"14":{"start":{"line":29,"column":2},"end":{"line":40,"column":null}},"15":{"start":{"line":69,"column":32},"end":{"line":69,"column":45}},"16":{"start":{"line":43,"column":0},"end":{"line":43,"column":null}},"17":{"start":{"line":45,"column":21},"end":{"line":46,"column":null}},"18":{"start":{"line":46,"column":2},"end":{"line":46,"column":100}},"19":{"start":{"line":69,"column":47},"end":{"line":69,"column":59}},"20":{"start":{"line":49,"column":20},"end":{"line":54,"column":2}},"21":{"start":{"line":53,"column":2},"end":{"line":53,"column":127}},"22":{"start":{"line":69,"column":61},"end":{"line":69,"column":72}},"23":{"start":{"line":55,"column":0},"end":{"line":55,"column":null}},"24":{"start":{"line":57,"column":26},"end":{"line":62,"column":2}},"25":{"start":{"line":61,"column":2},"end":{"line":61,"column":113}},"26":{"start":{"line":69,"column":74},"end":{"line":69,"column":91}},"27":{"start":{"line":63,"column":0},"end":{"line":63,"column":null}},"28":{"start":{"line":65,"column":21},"end":{"line":66,"column":null}},"29":{"start":{"line":66,"column":2},"end":{"line":66,"column":111}},"30":{"start":{"line":69,"column":93},"end":{"line":69,"column":105}}},"fnMap":{"0":{"name":"(anonymous_0)","decl":{"start":{"line":13,"column":2},"end":{"line":13,"column":3}},"loc":{"start":{"line":14,"column":2},"end":{"line":20,"column":null}}},"1":{"name":"(anonymous_1)","decl":{"start":{"line":28,"column":2},"end":{"line":28,"column":3}},"loc":{"start":{"line":29,"column":2},"end":{"line":40,"column":null}}},"2":{"name":"(anonymous_2)","decl":{"start":{"line":45,"column":21},"end":{"line":45,"column":22}},"loc":{"start":{"line":46,"column":2},"end":{"line":46,"column":100}}},"3":{"name":"(anonymous_3)","decl":{"start":{"line":52,"column":2},"end":{"line":52,"column":3}},"loc":{"start":{"line":53,"column":2},"end":{"line":53,"column":127}}},"4":{"name":"(anonymous_4)","decl":{"start":{"line":60,"column":2},"end":{"line":60,"column":3}},"loc":{"start":{"line":61,"column":2},"end":{"line":61,"column":113}}},"5":{"name":"(anonymous_5)","decl":{"start":{"line":65,"column":21},"end":{"line":65,"column":22}},"loc":{"start":{"line":66,"column":2},"end":{"line":66,"column":111}}}},"branchMap":{},"s":{"0":5,"1":5,"2":5,"3":5,"4":5,"5":5,"6":5,"7":5,"8":5,"9":5,"10":5,"11":20,"12":5,"13":5,"14":68,"15":5,"16":5,"17":5,"18":12,"19":5,"20":5,"21":13,"22":5,"23":5,"24":5,"25":1,"26":5,"27":5,"28":5,"29":1,"30":5},"f":{"0":20,"1":68,"2":12,"3":13,"4":1,"5":1},"b":{}}
,"C:\\Users\\franc\\Documents\\GitHub\\2025_proyecto1_front_imc\\src\\components\\ui\\input.tsx": {"path":"C:\\Users\\franc\\Documents\\GitHub\\2025_proyecto1_front_imc\\src\\components\\ui\\input.tsx","statementMap":{"0":{"start":{"line":1,"column":0},"end":{"line":1,"column":30}},"1":{"start":{"line":2,"column":0},"end":{"line":2,"column":36}},"2":{"start":{"line":6,"column":14},"end":{"line":20,"column":null}},"3":{"start":{"line":8,"column":4},"end":{"line":19,"column":null}},"4":{"start":{"line":24,"column":9},"end":{"line":24,"column":14}},"5":{"start":{"line":22,"column":0},"end":{"line":22,"column":null}}},"fnMap":{"0":{"name":"(anonymous_0)","decl":{"start":{"line":7,"column":2},"end":{"line":7,"column":3}},"loc":{"start":{"line":7,"column":41},"end":{"line":20,"column":3}}}},"branchMap":{},"s":{"0":4,"1":4,"2":4,"3":134,"4":4,"5":4},"f":{"0":134},"b":{}}
,"C:\\Users\\franc\\Documents\\GitHub\\2025_proyecto1_front_imc\\src\\components\\ui\\label.tsx": {"path":"C:\\Users\\franc\\Documents\\GitHub\\2025_proyecto1_front_imc\\src\\components\\ui\\label.tsx","statementMap":{"0":{"start":{"line":1,"column":0},"end":{"line":1,"column":30}},"1":{"start":{"line":2,"column":0},"end":{"line":2,"column":55}},"2":{"start":{"line":3,"column":0},"end":{"line":3,"column":36}},"3":{"start":{"line":5,"column":14},"end":{"line":17,"column":2}},"4":{"start":{"line":9,"column":2},"end":{"line":15,"column":null}},"5":{"start":{"line":20,"column":9},"end":{"line":20,"column":14}},"6":{"start":{"line":18,"column":0},"end":{"line":18,"column":null}}},"fnMap":{"0":{"name":"(anonymous_0)","decl":{"start":{"line":8,"column":2},"end":{"line":8,"column":3}},"loc":{"start":{"line":9,"column":2},"end":{"line":15,"column":null}}}},"branchMap":{},"s":{"0":4,"1":4,"2":4,"3":4,"4":146,"5":4,"6":4},"f":{"0":146},"b":{}}
,"C:\\Users\\franc\\Documents\\GitHub\\2025_proyecto1_front_imc\\src\\components\\ui\\popover.tsx": {"path":"C:\\Users\\franc\\Documents\\GitHub\\2025_proyecto1_front_imc\\src\\components\\ui\\popover.tsx","statementMap":{"0":{"start":{"line":1,"column":0},"end":{"line":1,"column":30}},"1":{"start":{"line":2,"column":0},"end":{"line":2,"column":59}},"2":{"start":{"line":4,"column":16},"end":{"line":4,"column":37}},"3":{"start":{"line":26,"column":9},"end":{"line":26,"column":16}},"4":{"start":{"line":5,"column":23},"end":{"line":5,"column":47}},"5":{"start":{"line":26,"column":18},"end":{"line":26,"column":32}},"6":{"start":{"line":6,"column":22},"end":{"line":6,"column":45}},"7":{"start":{"line":7,"column":23},"end":{"line":23,"column":2}},"8":{"start":{"line":11,"column":2},"end":{"line":21,"column":null}},"9":{"start":{"line":26,"column":34},"end":{"line":26,"column":48}},"10":{"start":{"line":24,"column":0},"end":{"line":24,"column":null}}},"fnMap":{"0":{"name":"(anonymous_0)","decl":{"start":{"line":10,"column":2},"end":{"line":10,"column":3}},"loc":{"start":{"line":11,"column":2},"end":{"line":21,"column":null}}}},"branchMap":{"0":{"loc":{"start":{"line":10,"column":16},"end":{"line":10,"column":31}},"type":"default-arg","locations":[{"start":{"line":10,"column":24},"end":{"line":10,"column":31}}]},"1":{"loc":{"start":{"line":10,"column":33},"end":{"line":10,"column":47}},"type":"default-arg","locations":[{"start":{"line":10,"column":46},"end":{"line":10,"column":47}}]},"2":{"loc":{"start":{"line":18,"column":11},"end":{"line":18,"column":43}},"type":"cond-expr","locations":[{"start":{"line":18,"column":23},"end":{"line":18,"column":38}},{"start":{"line":18,"column":41},"end":{"line":18,"column":43}}]}},"s":{"0":4,"1":4,"2":4,"3":4,"4":4,"5":4,"6":4,"7":4,"8":12,"9":4,"10":4},"f":{"0":12},"b":{"0":[12],"1":[12],"2":[12,0]}}
,"C:\\Users\\franc\\Documents\\GitHub\\2025_proyecto1_front_imc\\src\\lib\\utils.ts": {"path":"C:\\Users\\franc\\Documents\\GitHub\\2025_proyecto1_front_imc\\src\\lib\\utils.ts","statementMap":{"0":{"start":{"line":4,"column":0},"end":{"line":4,"column":16}},"1":{"start":{"line":1,"column":0},"end":{"line":1,"column":44}},"2":{"start":{"line":2,"column":0},"end":{"line":2,"column":40}},"3":{"start":{"line":5,"column":2},"end":{"line":5,"column":null}}},"fnMap":{"0":{"name":"cn","decl":{"start":{"line":4,"column":16},"end":{"line":4,"column":18}},"loc":{"start":{"line":4,"column":42},"end":{"line":6,"column":1}}}},"branchMap":{},"s":{"0":6,"1":6,"2":6,"3":936},"f":{"0":936},"b":{}}
,"C:\\Users\\franc\\Documents\\GitHub\\2025_proyecto1_front_imc\\src\\util\\limitToTwoDecimals.ts": {"path":"C:\\Users\\franc\\Documents\\GitHub\\2025_proyecto1_front_imc\\src\\util\\limitToTwoDecimals.ts","statementMap":{"0":{"start":{"line":1,"column":34},"end":{"line":9,"column":1}},"1":{"start":{"line":2,"column":26},"end":{"line":2,"column":49}},"2":{"start":{"line":3,"column":16},"end":{"line":3,"column":33}},"3":{"start":{"line":5,"column":2},"end":{"line":5,"column":48}},"4":{"start":{"line":5,"column":35},"end":{"line":5,"column":48}},"5":{"start":{"line":7,"column":16},"end":{"line":7,"column":57}},"6":{"start":{"line":8,"column":2},"end":{"line":8,"column":80}},"7":{"start":{"line":1,"column":13},"end":{"line":1,"column":34}}},"fnMap":{"0":{"name":"(anonymous_0)","decl":{"start":{"line":1,"column":34},"end":{"line":1,"column":35}},"loc":{"start":{"line":1,"column":60},"end":{"line":9,"column":1}}}},"branchMap":{"0":{"loc":{"start":{"line":5,"column":2},"end":{"line":5,"column":48}},"type":"if","locations":[{"start":{"line":5,"column":2},"end":{"line":5,"column":48}},{"start":{},"end":{}}]},"1":{"loc":{"start":{"line":8,"column":9},"end":{"line":8,"column":79}},"type":"cond-expr","locations":[{"start":{"line":8,"column":17},"end":{"line":8,"column":71}},{"start":{"line":8,"column":74},"end":{"line":8,"column":79}}]},"2":{"loc":{"start":{"line":8,"column":39},"end":{"line":8,"column":70}},"type":"cond-expr","locations":[{"start":{"line":8,"column":61},"end":{"line":8,"column":64}},{"start":{"line":8,"column":67},"end":{"line":8,"column":70}}]}},"s":{"0":4,"1":19,"2":19,"3":19,"4":17,"5":2,"6":2,"7":4},"f":{"0":19},"b":{"0":[17,2],"1":[2,0],"2":[1,1]}}
,"C:\\Users\\franc\\Documents\\GitHub\\2025_proyecto1_front_imc\\src\\util\\validators.ts": {"path":"C:\\Users\\franc\\Documents\\GitHub\\2025_proyecto1_front_imc\\src\\util\\validators.ts","statementMap":{"0":{"start":{"line":2,"column":0},"end":{"line":2,"column":16}},"1":{"start":{"line":10,"column":0},"end":{"line":10,"column":16}},"2":{"start":{"line":3,"column":2},"end":{"line":3,"column":71}},"3":{"start":{"line":3,"column":21},"end":{"line":3,"column":71}},"4":{"start":{"line":4,"column":2},"end":{"line":4,"column":59}},"5":{"start":{"line":4,"column":19},"end":{"line":4,"column":59}},"6":{"start":{"line":5,"column":2},"end":{"line":5,"column":61}},"7":{"start":{"line":5,"column":18},"end":{"line":5,"column":61}},"8":{"start":{"line":6,"column":2},"end":{"line":6,"column":14}},"9":{"start":{"line":11,"column":2},"end":{"line":11,"column":64}},"10":{"start":{"line":11,"column":19},"end":{"line":11,"column":64}},"11":{"start":{"line":12,"column":2},"end":{"line":12,"column":55}},"12":{"start":{"line":12,"column":17},"end":{"line":12,"column":55}},"13":{"start":{"line":13,"column":2},"end":{"line":13,"column":59}},"14":{"start":{"line":13,"column":18},"end":{"line":13,"column":59}},"15":{"start":{"line":14,"column":2},"end":{"line":14,"column":14}}},"fnMap":{"0":{"name":"validateAltura","decl":{"start":{"line":2,"column":16},"end":{"line":2,"column":30}},"loc":{"start":{"line":2,"column":45},"end":{"line":7,"column":1}}},"1":{"name":"validatePeso","decl":{"start":{"line":10,"column":16},"end":{"line":10,"column":28}},"loc":{"start":{"line":10,"column":41},"end":{"line":15,"column":1}}}},"branchMap":{"0":{"loc":{"start":{"line":3,"column":2},"end":{"line":3,"column":71}},"type":"if","locations":[{"start":{"line":3,"column":2},"end":{"line":3,"column":71}},{"start":{},"end":{}}]},"1":{"loc":{"start":{"line":4,"column":2},"end":{"line":4,"column":59}},"type":"if","locations":[{"start":{"line":4,"column":2},"end":{"line":4,"column":59}},{"start":{},"end":{}}]},"2":{"loc":{"start":{"line":5,"column":2},"end":{"line":5,"column":61}},"type":"if","locations":[{"start":{"line":5,"column":2},"end":{"line":5,"column":61}},{"start":{},"end":{}}]},"3":{"loc":{"start":{"line":11,"column":2},"end":{"line":11,"column":64}},"type":"if","locations":[{"start":{"line":11,"column":2},"end":{"line":11,"column":64}},{"start":{},"end":{}}]},"4":{"loc":{"start":{"line":12,"column":2},"end":{"line":12,"column":55}},"type":"if","locations":[{"start":{"line":12,"column":2},"end":{"line":12,"column":55}},{"start":{},"end":{}}]},"5":{"loc":{"start":{"line":13,"column":2},"end":{"line":13,"column":59}},"type":"if","locations":[{"start":{"line":13,"column":2},"end":{"line":13,"column":59}},{"start":{},"end":{}}]}},"s":{"0":5,"1":5,"2":12,"3":3,"4":9,"5":2,"6":7,"7":1,"8":6,"9":12,"10":2,"11":10,"12":2,"13":8,"14":1,"15":7},"f":{"0":12,"1":12},"b":{"0":[3,9],"1":[2,7],"2":[1,6],"3":[2,10],"4":[2,8],"5":[1,7]}}
}
