{"C:\\Users\\franc\\Documents\\GitHub\\2025_proyecto1_front_imc\\src\\ImcForm.tsx": {"path":"C:\\Users\\franc\\Documents\\GitHub\\2025_proyecto1_front_imc\\src\\ImcForm.tsx","statementMap":{"0":{"start":{"line":1,"column":0},"end":{"line":1,"column":26}},"1":{"start":{"line":2,"column":0},"end":{"line":2,"column":40}},"2":{"start":{"line":3,"column":0},"end":{"line":3,"column":51}},"3":{"start":{"line":4,"column":0},"end":{"line":4,"column":97}},"4":{"start":{"line":5,"column":0},"end":{"line":5,"column":46}},"5":{"start":{"line":6,"column":0},"end":{"line":6,"column":46}},"6":{"start":{"line":7,"column":0},"end":{"line":7,"column":48}},"7":{"start":{"line":8,"column":0},"end":{"line":8,"column":76}},"8":{"start":{"line":9,"column":0},"end":{"line":9,"column":65}},"9":{"start":{"line":10,"column":0},"end":{"line":10,"column":65}},"10":{"start":{"line":22,"column":0},"end":{"line":22,"column":37}},"11":{"start":{"line":25,"column":30},"end":{"line":25,"column":42}},"12":{"start":{"line":26,"column":26},"end":{"line":26,"column":38}},"13":{"start":{"line":27,"column":36},"end":{"line":27,"column":68}},"14":{"start":{"line":28,"column":28},"end":{"line":28,"column":40}},"15":{"start":{"line":29,"column":40},"end":{"line":29,"column":52}},"16":{"start":{"line":30,"column":36},"end":{"line":30,"column":48}},"17":{"start":{"line":33,"column":29},"end":{"line":47,"column":3}},"18":{"start":{"line":35,"column":28},"end":{"line":35,"column":51}},"19":{"start":{"line":38,"column":18},"end":{"line":38,"column":35}},"20":{"start":{"line":40,"column":4},"end":{"line":42,"column":5}},"21":{"start":{"line":41,"column":6},"end":{"line":41,"column":19}},"22":{"start":{"line":45,"column":18},"end":{"line":45,"column":59}},"23":{"start":{"line":46,"column":4},"end":{"line":46,"column":82}},"24":{"start":{"line":49,"column":29},"end":{"line":53,"column":3}},"25":{"start":{"line":50,"column":25},"end":{"line":50,"column":59}},"26":{"start":{"line":51,"column":4},"end":{"line":51,"column":28}},"27":{"start":{"line":52,"column":4},"end":{"line":52,"column":40}},"28":{"start":{"line":52,"column":21},"end":{"line":52,"column":40}},"29":{"start":{"line":55,"column":27},"end":{"line":59,"column":3}},"30":{"start":{"line":56,"column":25},"end":{"line":56,"column":59}},"31":{"start":{"line":57,"column":4},"end":{"line":57,"column":26}},"32":{"start":{"line":58,"column":4},"end":{"line":58,"column":36}},"33":{"start":{"line":58,"column":19},"end":{"line":58,"column":36}},"34":{"start":{"line":61,"column":23},"end":{"line":94,"column":3}},"35":{"start":{"line":62,"column":2},"end":{"line":62,"column":21}},"36":{"start":{"line":65,"column":2},"end":{"line":65,"column":21}},"37":{"start":{"line":66,"column":2},"end":{"line":66,"column":19}},"38":{"start":{"line":68,"column":20},"end":{"line":68,"column":56}},"39":{"start":{"line":69,"column":18},"end":{"line":69,"column":52}},"40":{"start":{"line":72,"column":27},"end":{"line":72,"column":52}},"41":{"start":{"line":73,"column":25},"end":{"line":73,"column":46}},"42":{"start":{"line":75,"column":2},"end":{"line":81,"column":3}},"43":{"start":{"line":76,"column":4},"end":{"line":76,"column":59}},"44":{"start":{"line":76,"column":26},"end":{"line":76,"column":59}},"45":{"start":{"line":77,"column":4},"end":{"line":77,"column":53}},"46":{"start":{"line":77,"column":24},"end":{"line":77,"column":53}},"47":{"start":{"line":78,"column":4},"end":{"line":78,"column":23}},"48":{"start":{"line":79,"column":4},"end":{"line":79,"column":17}},"49":{"start":{"line":80,"column":4},"end":{"line":80,"column":11}},"50":{"start":{"line":83,"column":4},"end":{"line":93,"column":5}},"51":{"start":{"line":84,"column":23},"end":{"line":87,"column":8}},"52":{"start":{"line":88,"column":6},"end":{"line":88,"column":34}},"53":{"start":{"line":89,"column":6},"end":{"line":89,"column":19}},"54":{"start":{"line":91,"column":6},"end":{"line":91,"column":83}},"55":{"start":{"line":92,"column":6},"end":{"line":92,"column":25}},"56":{"start":{"line":96,"column":2},"end":{"line":218,"column":4}},"57":{"start":{"line":196,"column":50},"end":{"line":196,"column":80}},"58":{"start":{"line":221,"column":0},"end":{"line":221,"column":23}}},"fnMap":{"0":{"name":"ImcForm","decl":{"start":{"line":24,"column":9},"end":{"line":24,"column":16}},"loc":{"start":{"line":24,"column":16},"end":{"line":219,"column":1}}},"1":{"name":"(anonymous_1)","decl":{"start":{"line":33,"column":29},"end":{"line":33,"column":30}},"loc":{"start":{"line":33,"column":55},"end":{"line":47,"column":3}}},"2":{"name":"(anonymous_2)","decl":{"start":{"line":49,"column":29},"end":{"line":49,"column":30}},"loc":{"start":{"line":49,"column":72},"end":{"line":53,"column":3}}},"3":{"name":"(anonymous_3)","decl":{"start":{"line":55,"column":27},"end":{"line":55,"column":28}},"loc":{"start":{"line":55,"column":70},"end":{"line":59,"column":3}}},"4":{"name":"(anonymous_4)","decl":{"start":{"line":61,"column":23},"end":{"line":61,"column":28}},"loc":{"start":{"line":61,"column":52},"end":{"line":94,"column":3}}},"5":{"name":"(anonymous_5)","decl":{"start":{"line":196,"column":43},"end":{"line":196,"column":44}},"loc":{"start":{"line":196,"column":50},"end":{"line":196,"column":80}}}},"branchMap":{"0":{"loc":{"start":{"line":40,"column":4},"end":{"line":42,"column":5}},"type":"if","locations":[{"start":{"line":40,"column":4},"end":{"line":42,"column":5}},{"start":{},"end":{}}]},"1":{"loc":{"start":{"line":46,"column":11},"end":{"line":46,"column":81}},"type":"cond-expr","locations":[{"start":{"line":46,"column":19},"end":{"line":46,"column":73}},{"start":{"line":46,"column":76},"end":{"line":46,"column":81}}]},"2":{"loc":{"start":{"line":46,"column":41},"end":{"line":46,"column":72}},"type":"cond-expr","locations":[{"start":{"line":46,"column":63},"end":{"line":46,"column":66}},{"start":{"line":46,"column":69},"end":{"line":46,"column":72}}]},"3":{"loc":{"start":{"line":52,"column":4},"end":{"line":52,"column":40}},"type":"if","locations":[{"start":{"line":52,"column":4},"end":{"line":52,"column":40}},{"start":{},"end":{}}]},"4":{"loc":{"start":{"line":58,"column":4},"end":{"line":58,"column":36}},"type":"if","locations":[{"start":{"line":58,"column":4},"end":{"line":58,"column":36}},{"start":{},"end":{}}]},"5":{"loc":{"start":{"line":75,"column":2},"end":{"line":81,"column":3}},"type":"if","locations":[{"start":{"line":75,"column":2},"end":{"line":81,"column":3}},{"start":{},"end":{}}]},"6":{"loc":{"start":{"line":75,"column":6},"end":{"line":75,"column":40}},"type":"binary-expr","locations":[{"start":{"line":75,"column":6},"end":{"line":75,"column":22}},{"start":{"line":75,"column":26},"end":{"line":75,"column":40}}]},"7":{"loc":{"start":{"line":76,"column":4},"end":{"line":76,"column":59}},"type":"if","locations":[{"start":{"line":76,"column":4},"end":{"line":76,"column":59}},{"start":{},"end":{}}]},"8":{"loc":{"start":{"line":77,"column":4},"end":{"line":77,"column":53}},"type":"if","locations":[{"start":{"line":77,"column":4},"end":{"line":77,"column":53}},{"start":{},"end":{}}]},"9":{"loc":{"start":{"line":120,"column":36},"end":{"line":120,"column":76}},"type":"cond-expr","locations":[{"start":{"line":120,"column":50},"end":{"line":120,"column":64}},{"start":{"line":120,"column":67},"end":{"line":120,"column":76}}]},"10":{"loc":{"start":{"line":121,"column":29},"end":{"line":121,"column":106}},"type":"cond-expr","locations":[{"start":{"line":121,"column":43},"end":{"line":121,"column":94}},{"start":{"line":121,"column":97},"end":{"line":121,"column":106}}]},"11":{"loc":{"start":{"line":124,"column":17},"end":{"line":128,"column":null}},"type":"binary-expr","locations":[{"start":{"line":124,"column":17},"end":{"line":124,"column":28}},{"start":{"line":125,"column":18},"end":{"line":127,"column":null}}]},"12":{"loc":{"start":{"line":144,"column":36},"end":{"line":144,"column":72}},"type":"cond-expr","locations":[{"start":{"line":144,"column":48},"end":{"line":144,"column":60}},{"start":{"line":144,"column":63},"end":{"line":144,"column":72}}]},"13":{"loc":{"start":{"line":145,"column":29},"end":{"line":145,"column":104}},"type":"cond-expr","locations":[{"start":{"line":145,"column":41},"end":{"line":145,"column":92}},{"start":{"line":145,"column":95},"end":{"line":145,"column":104}}]},"14":{"loc":{"start":{"line":148,"column":17},"end":{"line":152,"column":null}},"type":"binary-expr","locations":[{"start":{"line":148,"column":17},"end":{"line":148,"column":26}},{"start":{"line":149,"column":18},"end":{"line":151,"column":null}}]},"15":{"loc":{"start":{"line":157,"column":15},"end":{"line":166,"column":null}},"type":"binary-expr","locations":[{"start":{"line":157,"column":15},"end":{"line":157,"column":20}},{"start":{"line":158,"column":16},"end":{"line":165,"column":null}}]},"16":{"loc":{"start":{"line":172,"column":15},"end":{"line":211,"column":null}},"type":"cond-expr","locations":[{"start":{"line":173,"column":16},"end":{"line":202,"column":null}},{"start":{"line":205,"column":16},"end":{"line":210,"column":null}}]}},"s":{"0":1,"1":1,"2":1,"3":1,"4":1,"5":1,"6":1,"7":1,"8":1,"9":1,"10":1,"11":7,"12":7,"13":7,"14":7,"15":7,"16":7,"17":7,"18":2,"19":2,"20":2,"21":2,"22":0,"23":0,"24":7,"25":1,"26":1,"27":1,"28":0,"29":7,"30":1,"31":1,"32":1,"33":0,"34":7,"35":2,"36":2,"37":2,"38":2,"39":2,"40":2,"41":2,"42":2,"43":1,"44":1,"45":1,"46":1,"47":1,"48":1,"49":1,"50":1,"51":1,"52":0,"53":0,"54":1,"55":1,"56":7,"57":0,"58":1},"f":{"0":7,"1":2,"2":1,"3":1,"4":2,"5":0},"b":{"0":[2,0],"1":[0,0],"2":[0,0],"3":[0,1],"4":[0,1],"5":[1,1],"6":[2,1],"7":[1,0],"8":[1,0],"9":[1,6],"10":[1,6],"11":[7,1],"12":[1,6],"13":[1,6],"14":[7,1],"15":[7,1],"16":[0,7]}}
,"C:\\Users\\franc\\Documents\\GitHub\\2025_proyecto1_front_imc\\src\\components\\ui\\alert.tsx": {"path":"C:\\Users\\franc\\Documents\\GitHub\\2025_proyecto1_front_imc\\src\\components\\ui\\alert.tsx","statementMap":{"0":{"start":{"line":1,"column":0},"end":{"line":1,"column":30}},"1":{"start":{"line":2,"column":0},"end":{"line":2,"column":36}},"2":{"start":{"line":4,"column":14},"end":{"line":12,"column":null}},"3":{"start":{"line":6,"column":4},"end":{"line":10,"column":null}},"4":{"start":{"line":30,"column":9},"end":{"line":30,"column":14}},"5":{"start":{"line":14,"column":0},"end":{"line":14,"column":null}},"6":{"start":{"line":16,"column":19},"end":{"line":19,"column":null}},"7":{"start":{"line":18,"column":4},"end":{"line":18,"column":105}},"8":{"start":{"line":30,"column":16},"end":{"line":30,"column":26}},"9":{"start":{"line":21,"column":0},"end":{"line":21,"column":null}},"10":{"start":{"line":23,"column":25},"end":{"line":26,"column":null}},"11":{"start":{"line":25,"column":4},"end":{"line":25,"column":91}},"12":{"start":{"line":30,"column":28},"end":{"line":30,"column":44}},"13":{"start":{"line":28,"column":0},"end":{"line":28,"column":null}}},"fnMap":{"0":{"name":"(anonymous_0)","decl":{"start":{"line":5,"column":2},"end":{"line":5,"column":3}},"loc":{"start":{"line":6,"column":4},"end":{"line":10,"column":null}}},"1":{"name":"(anonymous_1)","decl":{"start":{"line":17,"column":2},"end":{"line":17,"column":3}},"loc":{"start":{"line":18,"column":4},"end":{"line":18,"column":105}}},"2":{"name":"(anonymous_2)","decl":{"start":{"line":24,"column":2},"end":{"line":24,"column":3}},"loc":{"start":{"line":25,"column":4},"end":{"line":25,"column":91}}}},"branchMap":{},"s":{"0":1,"1":1,"2":1,"3":1,"4":1,"5":1,"6":1,"7":1,"8":1,"9":1,"10":1,"11":1,"12":1,"13":1},"f":{"0":1,"1":1,"2":1},"b":{}}
,"C:\\Users\\franc\\Documents\\GitHub\\2025_proyecto1_front_imc\\src\\components\\ui\\button.tsx": {"path":"C:\\Users\\franc\\Documents\\GitHub\\2025_proyecto1_front_imc\\src\\components\\ui\\button.tsx","statementMap":{"0":{"start":{"line":1,"column":0},"end":{"line":1,"column":30}},"1":{"start":{"line":2,"column":0},"end":{"line":2,"column":43}},"2":{"start":{"line":3,"column":0},"end":{"line":3,"column":65}},"3":{"start":{"line":4,"column":0},"end":{"line":4,"column":36}},"4":{"start":{"line":6,"column":23},"end":{"line":27,"column":null}},"5":{"start":{"line":50,"column":17},"end":{"line":50,"column":31}},"6":{"start":{"line":36,"column":15},"end":{"line":46,"column":null}},"7":{"start":{"line":38,"column":17},"end":{"line":38,"column":42}},"8":{"start":{"line":39,"column":4},"end":{"line":45,"column":null}},"9":{"start":{"line":50,"column":9},"end":{"line":50,"column":15}},"10":{"start":{"line":48,"column":0},"end":{"line":48,"column":null}}},"fnMap":{"0":{"name":"(anonymous_0)","decl":{"start":{"line":37,"column":2},"end":{"line":37,"column":3}},"loc":{"start":{"line":37,"column":67},"end":{"line":46,"column":3}}}},"branchMap":{"0":{"loc":{"start":{"line":37,"column":31},"end":{"line":37,"column":46}},"type":"default-arg","locations":[{"start":{"line":37,"column":41},"end":{"line":37,"column":46}}]},"1":{"loc":{"start":{"line":38,"column":17},"end":{"line":38,"column":42}},"type":"cond-expr","locations":[{"start":{"line":38,"column":27},"end":{"line":38,"column":31}},{"start":{"line":38,"column":34},"end":{"line":38,"column":42}}]}},"s":{"0":2,"1":2,"2":2,"3":2,"4":2,"5":2,"6":2,"7":8,"8":8,"9":2,"10":2},"f":{"0":8},"b":{"0":[8],"1":[0,8]}}
,"C:\\Users\\franc\\Documents\\GitHub\\2025_proyecto1_front_imc\\src\\components\\ui\\card.tsx": {"path":"C:\\Users\\franc\\Documents\\GitHub\\2025_proyecto1_front_imc\\src\\components\\ui\\card.tsx","statementMap":{"0":{"start":{"line":1,"column":0},"end":{"line":1,"column":30}},"1":{"start":{"line":2,"column":0},"end":{"line":2,"column":36}},"2":{"start":{"line":4,"column":13},"end":{"line":11,"column":null}},"3":{"start":{"line":6,"column":4},"end":{"line":9,"column":null}},"4":{"start":{"line":50,"column":9},"end":{"line":50,"column":13}},"5":{"start":{"line":13,"column":0},"end":{"line":13,"column":null}},"6":{"start":{"line":15,"column":19},"end":{"line":18,"column":null}},"7":{"start":{"line":17,"column":4},"end":{"line":17,"column":91}},"8":{"start":{"line":50,"column":15},"end":{"line":50,"column":25}},"9":{"start":{"line":20,"column":0},"end":{"line":20,"column":null}},"10":{"start":{"line":22,"column":18},"end":{"line":25,"column":null}},"11":{"start":{"line":24,"column":4},"end":{"line":24,"column":111}},"12":{"start":{"line":50,"column":39},"end":{"line":50,"column":48}},"13":{"start":{"line":27,"column":0},"end":{"line":27,"column":null}},"14":{"start":{"line":29,"column":24},"end":{"line":32,"column":null}},"15":{"start":{"line":31,"column":4},"end":{"line":31,"column":89}},"16":{"start":{"line":50,"column":50},"end":{"line":50,"column":65}},"17":{"start":{"line":34,"column":0},"end":{"line":34,"column":null}},"18":{"start":{"line":36,"column":20},"end":{"line":39,"column":null}},"19":{"start":{"line":38,"column":4},"end":{"line":38,"column":70}},"20":{"start":{"line":50,"column":67},"end":{"line":50,"column":78}},"21":{"start":{"line":41,"column":0},"end":{"line":41,"column":null}},"22":{"start":{"line":43,"column":19},"end":{"line":46,"column":null}},"23":{"start":{"line":45,"column":4},"end":{"line":45,"column":88}},"24":{"start":{"line":50,"column":27},"end":{"line":50,"column":37}},"25":{"start":{"line":48,"column":0},"end":{"line":48,"column":null}}},"fnMap":{"0":{"name":"(anonymous_0)","decl":{"start":{"line":5,"column":2},"end":{"line":5,"column":3}},"loc":{"start":{"line":6,"column":4},"end":{"line":9,"column":null}}},"1":{"name":"(anonymous_1)","decl":{"start":{"line":16,"column":2},"end":{"line":16,"column":3}},"loc":{"start":{"line":17,"column":4},"end":{"line":17,"column":91}}},"2":{"name":"(anonymous_2)","decl":{"start":{"line":23,"column":2},"end":{"line":23,"column":3}},"loc":{"start":{"line":24,"column":4},"end":{"line":24,"column":111}}},"3":{"name":"(anonymous_3)","decl":{"start":{"line":30,"column":2},"end":{"line":30,"column":3}},"loc":{"start":{"line":31,"column":4},"end":{"line":31,"column":89}}},"4":{"name":"(anonymous_4)","decl":{"start":{"line":37,"column":2},"end":{"line":37,"column":3}},"loc":{"start":{"line":38,"column":4},"end":{"line":38,"column":70}}},"5":{"name":"(anonymous_5)","decl":{"start":{"line":44,"column":2},"end":{"line":44,"column":3}},"loc":{"start":{"line":45,"column":4},"end":{"line":45,"column":88}}}},"branchMap":{},"s":{"0":1,"1":1,"2":1,"3":6,"4":1,"5":1,"6":1,"7":6,"8":1,"9":1,"10":1,"11":6,"12":1,"13":1,"14":1,"15":6,"16":1,"17":1,"18":1,"19":6,"20":1,"21":1,"22":1,"23":0,"24":1,"25":1},"f":{"0":6,"1":6,"2":6,"3":6,"4":6,"5":0},"b":{}}
,"C:\\Users\\franc\\Documents\\GitHub\\2025_proyecto1_front_imc\\src\\components\\ui\\dialog.tsx": {"path":"C:\\Users\\franc\\Documents\\GitHub\\2025_proyecto1_front_imc\\src\\components\\ui\\dialog.tsx","statementMap":{"0":{"start":{"line":1,"column":0},"end":{"line":1,"column":30}},"1":{"start":{"line":2,"column":0},"end":{"line":2,"column":57}},"2":{"start":{"line":3,"column":0},"end":{"line":3,"column":36}},"3":{"start":{"line":5,"column":15},"end":{"line":5,"column":35}},"4":{"start":{"line":69,"column":9},"end":{"line":69,"column":15}},"5":{"start":{"line":6,"column":22},"end":{"line":6,"column":45}},"6":{"start":{"line":69,"column":17},"end":{"line":69,"column":30}},"7":{"start":{"line":7,"column":21},"end":{"line":7,"column":43}},"8":{"start":{"line":8,"column":20},"end":{"line":8,"column":41}},"9":{"start":{"line":69,"column":107},"end":{"line":69,"column":118}},"10":{"start":{"line":10,"column":22},"end":{"line":22,"column":2}},"11":{"start":{"line":14,"column":2},"end":{"line":20,"column":null}},"12":{"start":{"line":23,"column":0},"end":{"line":23,"column":null}},"13":{"start":{"line":25,"column":22},"end":{"line":42,"column":2}},"14":{"start":{"line":29,"column":2},"end":{"line":40,"column":null}},"15":{"start":{"line":69,"column":32},"end":{"line":69,"column":45}},"16":{"start":{"line":43,"column":0},"end":{"line":43,"column":null}},"17":{"start":{"line":45,"column":21},"end":{"line":46,"column":null}},"18":{"start":{"line":46,"column":2},"end":{"line":46,"column":100}},"19":{"start":{"line":69,"column":47},"end":{"line":69,"column":59}},"20":{"start":{"line":49,"column":20},"end":{"line":54,"column":2}},"21":{"start":{"line":53,"column":2},"end":{"line":53,"column":127}},"22":{"start":{"line":69,"column":61},"end":{"line":69,"column":72}},"23":{"start":{"line":55,"column":0},"end":{"line":55,"column":null}},"24":{"start":{"line":57,"column":26},"end":{"line":62,"column":2}},"25":{"start":{"line":61,"column":2},"end":{"line":61,"column":113}},"26":{"start":{"line":69,"column":74},"end":{"line":69,"column":91}},"27":{"start":{"line":63,"column":0},"end":{"line":63,"column":null}},"28":{"start":{"line":65,"column":21},"end":{"line":66,"column":null}},"29":{"start":{"line":66,"column":2},"end":{"line":66,"column":111}},"30":{"start":{"line":69,"column":93},"end":{"line":69,"column":105}}},"fnMap":{"0":{"name":"(anonymous_0)","decl":{"start":{"line":13,"column":2},"end":{"line":13,"column":3}},"loc":{"start":{"line":14,"column":2},"end":{"line":20,"column":null}}},"1":{"name":"(anonymous_1)","decl":{"start":{"line":28,"column":2},"end":{"line":28,"column":3}},"loc":{"start":{"line":29,"column":2},"end":{"line":40,"column":null}}},"2":{"name":"(anonymous_2)","decl":{"start":{"line":45,"column":21},"end":{"line":45,"column":22}},"loc":{"start":{"line":46,"column":2},"end":{"line":46,"column":100}}},"3":{"name":"(anonymous_3)","decl":{"start":{"line":52,"column":2},"end":{"line":52,"column":3}},"loc":{"start":{"line":53,"column":2},"end":{"line":53,"column":127}}},"4":{"name":"(anonymous_4)","decl":{"start":{"line":60,"column":2},"end":{"line":60,"column":3}},"loc":{"start":{"line":61,"column":2},"end":{"line":61,"column":113}}},"5":{"name":"(anonymous_5)","decl":{"start":{"line":65,"column":21},"end":{"line":65,"column":22}},"loc":{"start":{"line":66,"column":2},"end":{"line":66,"column":111}}}},"branchMap":{},"s":{"0":1,"1":1,"2":1,"3":1,"4":1,"5":1,"6":1,"7":1,"8":1,"9":1,"10":1,"11":3,"12":1,"13":1,"14":1,"15":1,"16":1,"17":1,"18":0,"19":1,"20":1,"21":1,"22":1,"23":1,"24":1,"25":1,"26":1,"27":1,"28":1,"29":1,"30":1},"f":{"0":3,"1":1,"2":0,"3":1,"4":1,"5":1},"b":{}}
,"C:\\Users\\franc\\Documents\\GitHub\\2025_proyecto1_front_imc\\src\\components\\ui\\input.tsx": {"path":"C:\\Users\\franc\\Documents\\GitHub\\2025_proyecto1_front_imc\\src\\components\\ui\\input.tsx","statementMap":{"0":{"start":{"line":1,"column":0},"end":{"line":1,"column":30}},"1":{"start":{"line":2,"column":0},"end":{"line":2,"column":36}},"2":{"start":{"line":6,"column":14},"end":{"line":19,"column":null}},"3":{"start":{"line":8,"column":4},"end":{"line":18,"column":null}},"4":{"start":{"line":23,"column":9},"end":{"line":23,"column":14}},"5":{"start":{"line":21,"column":0},"end":{"line":21,"column":null}}},"fnMap":{"0":{"name":"(anonymous_0)","decl":{"start":{"line":7,"column":2},"end":{"line":7,"column":3}},"loc":{"start":{"line":7,"column":41},"end":{"line":19,"column":3}}}},"branchMap":{},"s":{"0":1,"1":1,"2":1,"3":12,"4":1,"5":1},"f":{"0":12},"b":{}}
,"C:\\Users\\franc\\Documents\\GitHub\\2025_proyecto1_front_imc\\src\\components\\ui\\label.tsx": {"path":"C:\\Users\\franc\\Documents\\GitHub\\2025_proyecto1_front_imc\\src\\components\\ui\\label.tsx","statementMap":{"0":{"start":{"line":1,"column":0},"end":{"line":1,"column":30}},"1":{"start":{"line":2,"column":0},"end":{"line":2,"column":55}},"2":{"start":{"line":3,"column":0},"end":{"line":3,"column":36}},"3":{"start":{"line":5,"column":14},"end":{"line":17,"column":2}},"4":{"start":{"line":9,"column":2},"end":{"line":15,"column":null}},"5":{"start":{"line":20,"column":9},"end":{"line":20,"column":14}},"6":{"start":{"line":18,"column":0},"end":{"line":18,"column":null}}},"fnMap":{"0":{"name":"(anonymous_0)","decl":{"start":{"line":8,"column":2},"end":{"line":8,"column":3}},"loc":{"start":{"line":9,"column":2},"end":{"line":15,"column":null}}}},"branchMap":{},"s":{"0":1,"1":1,"2":1,"3":1,"4":12,"5":1,"6":1},"f":{"0":12},"b":{}}
,"C:\\Users\\franc\\Documents\\GitHub\\2025_proyecto1_front_imc\\src\\lib\\utils.ts": {"path":"C:\\Users\\franc\\Documents\\GitHub\\2025_proyecto1_front_imc\\src\\lib\\utils.ts","statementMap":{"0":{"start":{"line":4,"column":0},"end":{"line":4,"column":16}},"1":{"start":{"line":1,"column":0},"end":{"line":1,"column":44}},"2":{"start":{"line":2,"column":0},"end":{"line":2,"column":40}},"3":{"start":{"line":5,"column":2},"end":{"line":5,"column":null}}},"fnMap":{"0":{"name":"cn","decl":{"start":{"line":4,"column":16},"end":{"line":4,"column":18}},"loc":{"start":{"line":4,"column":42},"end":{"line":6,"column":1}}}},"branchMap":{},"s":{"0":2,"1":2,"2":2,"3":72},"f":{"0":72},"b":{}}
,"C:\\Users\\franc\\Documents\\GitHub\\2025_proyecto1_front_imc\\src\\util\\validators.ts": {"path":"C:\\Users\\franc\\Documents\\GitHub\\2025_proyecto1_front_imc\\src\\util\\validators.ts","statementMap":{"0":{"start":{"line":2,"column":0},"end":{"line":2,"column":16}},"1":{"start":{"line":10,"column":0},"end":{"line":10,"column":16}},"2":{"start":{"line":3,"column":2},"end":{"line":3,"column":71}},"3":{"start":{"line":3,"column":21},"end":{"line":3,"column":71}},"4":{"start":{"line":4,"column":2},"end":{"line":4,"column":59}},"5":{"start":{"line":4,"column":19},"end":{"line":4,"column":59}},"6":{"start":{"line":5,"column":2},"end":{"line":5,"column":61}},"7":{"start":{"line":5,"column":18},"end":{"line":5,"column":61}},"8":{"start":{"line":6,"column":2},"end":{"line":6,"column":14}},"9":{"start":{"line":11,"column":2},"end":{"line":11,"column":64}},"10":{"start":{"line":11,"column":19},"end":{"line":11,"column":64}},"11":{"start":{"line":12,"column":2},"end":{"line":12,"column":55}},"12":{"start":{"line":12,"column":17},"end":{"line":12,"column":55}},"13":{"start":{"line":13,"column":2},"end":{"line":13,"column":59}},"14":{"start":{"line":13,"column":18},"end":{"line":13,"column":59}},"15":{"start":{"line":14,"column":2},"end":{"line":14,"column":14}}},"fnMap":{"0":{"name":"validateAltura","decl":{"start":{"line":2,"column":16},"end":{"line":2,"column":30}},"loc":{"start":{"line":2,"column":45},"end":{"line":7,"column":1}}},"1":{"name":"validatePeso","decl":{"start":{"line":10,"column":16},"end":{"line":10,"column":28}},"loc":{"start":{"line":10,"column":41},"end":{"line":15,"column":1}}}},"branchMap":{"0":{"loc":{"start":{"line":3,"column":2},"end":{"line":3,"column":71}},"type":"if","locations":[{"start":{"line":3,"column":2},"end":{"line":3,"column":71}},{"start":{},"end":{}}]},"1":{"loc":{"start":{"line":4,"column":2},"end":{"line":4,"column":59}},"type":"if","locations":[{"start":{"line":4,"column":2},"end":{"line":4,"column":59}},{"start":{},"end":{}}]},"2":{"loc":{"start":{"line":5,"column":2},"end":{"line":5,"column":61}},"type":"if","locations":[{"start":{"line":5,"column":2},"end":{"line":5,"column":61}},{"start":{},"end":{}}]},"3":{"loc":{"start":{"line":11,"column":2},"end":{"line":11,"column":64}},"type":"if","locations":[{"start":{"line":11,"column":2},"end":{"line":11,"column":64}},{"start":{},"end":{}}]},"4":{"loc":{"start":{"line":12,"column":2},"end":{"line":12,"column":55}},"type":"if","locations":[{"start":{"line":12,"column":2},"end":{"line":12,"column":55}},{"start":{},"end":{}}]},"5":{"loc":{"start":{"line":13,"column":2},"end":{"line":13,"column":59}},"type":"if","locations":[{"start":{"line":13,"column":2},"end":{"line":13,"column":59}},{"start":{},"end":{}}]}},"s":{"0":2,"1":2,"2":7,"3":2,"4":5,"5":2,"6":3,"7":1,"8":2,"9":7,"10":2,"11":5,"12":2,"13":3,"14":1,"15":2},"f":{"0":7,"1":7},"b":{"0":[2,5],"1":[2,3],"2":[1,2],"3":[2,5],"4":[2,3],"5":[1,2]}}
}
