TN:
SF:src\ImcForm.tsx
FN:33,ImcForm
FN:57,(anonymous_1)
FN:73,(anonymous_2)
FN:79,(anonymous_3)
FN:85,(anonymous_4)
FN:121,(anonymous_5)
FN:122,(anonymous_6)
FN:133,(anonymous_7)
FN:143,(anonymous_8)
FN:152,(anonymous_9)
FN:155,(anonymous_10)
FN:164,(anonymous_11)
FN:189,(anonymous_12)
FN:287,(anonymous_13)
FN:304,(anonymous_14)
FN:326,(anonymous_15)
FN:349,(anonymous_16)
FN:364,(anonymous_17)
FN:388,(anonymous_18)
FN:390,(anonymous_19)
FN:402,(anonymous_20)
FN:404,(anonymous_21)
FN:416,(anonymous_22)
FN:418,(anonymous_23)
FN:437,(anonymous_24)
FN:456,(anonymous_25)
FN:464,(anonymous_26)
FNF:27
FNH:17
FNDA:55,ImcForm
FNDA:11,(anonymous_1)
FNDA:5,(anonymous_2)
FNDA:6,(anonymous_3)
FNDA:7,(anonymous_4)
FNDA:14,(anonymous_5)
FNDA:14,(anonymous_6)
FNDA:23,(anonymous_7)
FNDA:21,(anonymous_8)
FNDA:55,(anonymous_9)
FNDA:0,(anonymous_10)
FNDA:1,(anonymous_11)
FNDA:7,(anonymous_12)
FNDA:0,(anonymous_13)
FNDA:0,(anonymous_14)
FNDA:1,(anonymous_15)
FNDA:0,(anonymous_16)
FNDA:1,(anonymous_17)
FNDA:1,(anonymous_18)
FNDA:1,(anonymous_19)
FNDA:0,(anonymous_20)
FNDA:0,(anonymous_21)
FNDA:0,(anonymous_22)
FNDA:0,(anonymous_23)
FNDA:26,(anonymous_24)
FNDA:0,(anonymous_25)
FNDA:0,(anonymous_26)
DA:1,3
DA:2,3
DA:3,3
DA:4,3
DA:5,3
DA:6,3
DA:7,3
DA:8,3
DA:9,3
DA:10,3
DA:12,3
DA:13,3
DA:14,3
DA:15,3
DA:31,3
DA:34,55
DA:35,55
DA:36,55
DA:37,55
DA:38,55
DA:39,55
DA:42,55
DA:44,55
DA:45,55
DA:47,55
DA:48,55
DA:49,55
DA:50,55
DA:51,55
DA:52,55
DA:53,55
DA:54,55
DA:57,55
DA:59,11
DA:62,11
DA:64,11
DA:65,11
DA:69,0
DA:70,0
DA:73,55
DA:74,5
DA:75,5
DA:76,5
DA:79,55
DA:80,6
DA:81,6
DA:82,6
DA:85,55
DA:86,7
DA:89,7
DA:90,7
DA:92,7
DA:93,7
DA:96,7
DA:97,7
DA:99,7
DA:100,2
DA:101,2
DA:102,2
DA:103,2
DA:104,2
DA:107,5
DA:108,5
DA:112,2
DA:113,2
DA:115,3
DA:116,3
DA:121,55
DA:122,14
DA:123,14
DA:124,14
DA:125,14
DA:126,0
DA:127,0
DA:128,0
DA:129,0
DA:131,14
DA:132,14
DA:133,23
DA:135,7
DA:137,7
DA:140,14
DA:143,55
DA:144,21
DA:145,7
DA:146,7
DA:147,7
DA:152,55
DA:153,55
DA:154,55
DA:155,0
DA:156,0
DA:157,0
DA:158,0
DA:159,0
DA:162,55
DA:163,1
DA:164,1
DA:165,1
DA:166,1
DA:167,1
DA:168,1
DA:171,55
DA:174,55
DA:175,55
DA:180,55
DA:189,7
DA:287,0
DA:304,0
DA:327,1
DA:328,1
DA:329,1
DA:330,1
DA:350,0
DA:351,0
DA:352,0
DA:365,1
DA:366,1
DA:367,1
DA:368,1
DA:369,1
DA:370,1
DA:389,1
DA:390,1
DA:403,0
DA:404,0
DA:417,0
DA:418,0
DA:438,26
DA:456,0
DA:464,0
DA:476,3
LF:132
LH:110
BRDA:64,0,0,11
BRDA:64,0,1,0
BRDA:70,1,0,0
BRDA:70,1,1,0
BRDA:70,2,0,0
BRDA:70,2,1,0
BRDA:76,3,0,0
BRDA:76,3,1,5
BRDA:82,4,0,0
BRDA:82,4,1,6
BRDA:99,5,0,2
BRDA:99,5,1,5
BRDA:99,6,0,7
BRDA:99,6,1,5
BRDA:100,7,0,2
BRDA:100,7,1,0
BRDA:101,8,0,1
BRDA:101,8,1,1
BRDA:125,9,0,0
BRDA:125,9,1,14
BRDA:125,10,0,14
BRDA:125,10,1,14
BRDA:127,11,0,0
BRDA:127,11,1,0
BRDA:128,12,0,0
BRDA:128,12,1,0
BRDA:144,13,0,7
BRDA:144,13,1,14
BRDA:145,14,0,0
BRDA:145,14,1,7
BRDA:146,15,0,0
BRDA:146,15,1,7
BRDA:154,16,0,0
BRDA:154,16,1,55
BRDA:154,17,0,55
BRDA:154,17,1,55
BRDA:157,18,0,0
BRDA:157,18,1,0
BRDA:158,19,0,0
BRDA:158,19,1,0
BRDA:159,20,0,0
BRDA:159,20,1,0
BRDA:162,21,0,1
BRDA:162,21,1,54
BRDA:163,22,0,0
BRDA:163,22,1,1
BRDA:167,23,0,0
BRDA:167,23,1,1
BRDA:168,24,0,0
BRDA:168,24,1,1
BRDA:209,25,0,4
BRDA:209,25,1,51
BRDA:210,26,0,4
BRDA:210,26,1,51
BRDA:213,27,0,55
BRDA:213,27,1,4
BRDA:233,28,0,2
BRDA:233,28,1,53
BRDA:234,29,0,2
BRDA:234,29,1,53
BRDA:237,30,0,55
BRDA:237,30,1,2
BRDA:246,31,0,55
BRDA:246,31,1,3
BRDA:261,32,0,2
BRDA:261,32,1,53
BRDA:338,33,0,0
BRDA:338,33,1,55
BRDA:338,34,0,55
BRDA:338,34,1,55
BRDA:339,35,0,0
BRDA:339,35,1,0
BRDA:339,36,0,0
BRDA:339,36,1,0
BRDA:351,37,0,0
BRDA:351,37,1,0
BRDA:352,38,0,0
BRDA:352,38,1,0
BRDA:390,39,0,0
BRDA:390,39,1,1
BRDA:390,40,0,1
BRDA:390,40,1,0
BRDA:395,41,0,1
BRDA:395,41,1,54
BRDA:404,42,0,0
BRDA:404,42,1,0
BRDA:404,43,0,0
BRDA:404,43,1,0
BRDA:409,44,0,0
BRDA:409,44,1,55
BRDA:418,45,0,0
BRDA:418,45,1,0
BRDA:418,46,0,0
BRDA:418,46,1,0
BRDA:423,47,0,0
BRDA:423,47,1,55
BRDA:430,48,0,49
BRDA:430,48,1,6
BRDA:461,49,0,55
BRDA:461,49,1,49
BRDA:463,50,0,55
BRDA:463,50,1,51
BRF:102
BRH:56
end_of_record
TN:
SF:src\components\ui\alert.tsx
FN:5,(anonymous_0)
FN:17,(anonymous_1)
FN:24,(anonymous_2)
FNF:3
FNH:3
FNDA:3,(anonymous_0)
FNDA:3,(anonymous_1)
FNDA:3,(anonymous_2)
DA:1,3
DA:2,3
DA:4,3
DA:6,3
DA:14,3
DA:16,3
DA:18,3
DA:21,3
DA:23,3
DA:25,3
DA:28,3
DA:30,3
LF:12
LH:12
BRF:0
BRH:0
end_of_record
TN:
SF:src\components\ui\button.tsx
FN:37,(anonymous_0)
FNF:1
FNH:1
FNDA:232,(anonymous_0)
DA:1,4
DA:2,4
DA:3,4
DA:4,4
DA:6,4
DA:36,4
DA:38,232
DA:39,232
DA:48,4
DA:50,4
LF:10
LH:10
BRDA:37,0,0,232
BRDA:38,1,0,0
BRDA:38,1,1,232
BRF:3
BRH:2
end_of_record
TN:
SF:src\components\ui\calendar.tsx
FN:10,Calendar
FNF:1
FNH:1
FNDA:1,Calendar
DA:1,4
DA:2,4
DA:3,4
DA:4,4
DA:6,4
DA:11,1
DA:16,1
DA:76,4
DA:78,4
LF:9
LH:9
BRDA:10,0,0,1
BRDA:45,1,0,1
BRDA:45,1,1,1
BRDA:69,2,0,1
BRDA:69,2,1,1
BRF:5
BRH:5
end_of_record
TN:
SF:src\components\ui\card.tsx
FN:5,(anonymous_0)
FN:16,(anonymous_1)
FN:23,(anonymous_2)
FN:30,(anonymous_3)
FN:37,(anonymous_4)
FN:44,(anonymous_5)
FNF:6
FNH:5
FNDA:50,(anonymous_0)
FNDA:50,(anonymous_1)
FNDA:50,(anonymous_2)
FNDA:50,(anonymous_3)
FNDA:50,(anonymous_4)
FNDA:0,(anonymous_5)
DA:1,3
DA:2,3
DA:4,3
DA:6,50
DA:13,3
DA:15,3
DA:17,50
DA:20,3
DA:22,3
DA:24,50
DA:27,3
DA:29,3
DA:31,50
DA:34,3
DA:36,3
DA:38,50
DA:41,3
DA:43,3
DA:45,0
DA:48,3
DA:50,3
LF:21
LH:20
BRF:0
BRH:0
end_of_record
TN:
SF:src\components\ui\dialog.tsx
FN:13,(anonymous_0)
FN:28,(anonymous_1)
FN:45,(anonymous_2)
FN:52,(anonymous_3)
FN:60,(anonymous_4)
FN:65,(anonymous_5)
FNF:6
FNH:6
FNDA:26,(anonymous_0)
FNDA:51,(anonymous_1)
FNDA:16,(anonymous_2)
FNDA:17,(anonymous_3)
FNDA:1,(anonymous_4)
FNDA:1,(anonymous_5)
DA:1,4
DA:2,4
DA:3,4
DA:5,4
DA:6,4
DA:7,4
DA:8,4
DA:10,4
DA:14,26
DA:23,4
DA:25,4
DA:29,51
DA:43,4
DA:45,4
DA:46,16
DA:49,4
DA:53,17
DA:55,4
DA:57,4
DA:61,1
DA:63,4
DA:65,4
DA:66,1
DA:69,4
LF:24
LH:24
BRF:0
BRH:0
end_of_record
TN:
SF:src\components\ui\input.tsx
FN:7,(anonymous_0)
FNF:1
FNH:1
FNDA:100,(anonymous_0)
DA:1,3
DA:2,3
DA:6,3
DA:8,100
DA:22,3
DA:24,3
LF:6
LH:6
BRF:0
BRH:0
end_of_record
TN:
SF:src\components\ui\label.tsx
FN:8,(anonymous_0)
FNF:1
FNH:1
FNDA:116,(anonymous_0)
DA:1,3
DA:2,3
DA:3,3
DA:5,3
DA:9,116
DA:18,3
DA:20,3
LF:7
LH:7
BRF:0
BRH:0
end_of_record
TN:
SF:src\components\ui\popover.tsx
FN:10,(anonymous_0)
FNF:1
FNH:1
FNDA:16,(anonymous_0)
DA:1,3
DA:2,3
DA:4,3
DA:5,3
DA:6,3
DA:7,3
DA:11,16
DA:24,3
DA:26,3
LF:9
LH:9
BRDA:10,0,0,16
BRDA:10,1,0,16
BRDA:18,2,0,16
BRDA:18,2,1,0
BRF:4
BRH:3
end_of_record
TN:
SF:src\lib\utils.ts
FN:4,cn
FNF:1
FNH:1
FNDA:820,cn
DA:1,5
DA:2,5
DA:4,5
DA:5,820
LF:4
LH:4
BRF:0
BRH:0
end_of_record
TN:
SF:src\util\validators.ts
FN:2,validateAltura
FN:10,validatePeso
FNF:2
FNH:2
FNDA:12,validateAltura
FNDA:12,validatePeso
DA:2,4
DA:3,12
DA:4,9
DA:5,7
DA:6,6
DA:10,4
DA:11,12
DA:12,10
DA:13,8
DA:14,7
LF:10
LH:10
BRDA:3,0,0,3
BRDA:3,0,1,9
BRDA:4,1,0,2
BRDA:4,1,1,7
BRDA:5,2,0,1
BRDA:5,2,1,6
BRDA:11,3,0,2
BRDA:11,3,1,10
BRDA:12,4,0,2
BRDA:12,4,1,8
BRDA:13,5,0,1
BRDA:13,5,1,7
BRF:12
BRH:12
end_of_record
