TN:
SF:src\ImcForm.tsx
FN:28,ImcForm
FN:37,(anonymous_1)
FN:53,(anonymous_2)
FN:59,(anonymous_3)
FN:65,(anonymous_4)
FN:206,(anonymous_5)
FNF:6
FNH:5
FNDA:7,ImcForm
FNDA:2,(anonymous_1)
FNDA:1,(anonymous_2)
FNDA:1,(anonymous_3)
FNDA:2,(anonymous_4)
FNDA:0,(anonymous_5)
DA:1,1
DA:2,1
DA:3,1
DA:4,1
DA:5,1
DA:6,1
DA:7,1
DA:8,1
DA:9,1
DA:10,1
DA:26,1
DA:29,7
DA:30,7
DA:31,7
DA:32,7
DA:33,7
DA:34,7
DA:37,7
DA:39,2
DA:42,2
DA:44,2
DA:45,2
DA:49,0
DA:50,0
DA:53,7
DA:54,1
DA:55,1
DA:56,1
DA:59,7
DA:60,1
DA:61,1
DA:62,1
DA:65,7
DA:66,2
DA:69,2
DA:70,2
DA:72,2
DA:73,2
DA:76,2
DA:77,2
DA:79,2
DA:80,1
DA:81,1
DA:82,1
DA:83,1
DA:84,1
DA:87,1
DA:88,1
DA:92,0
DA:93,0
DA:95,1
DA:96,1
DA:100,7
DA:206,0
DA:231,1
LF:55
LH:50
BRDA:44,0,0,2
BRDA:44,0,1,0
BRDA:50,1,0,0
BRDA:50,1,1,0
BRDA:50,2,0,0
BRDA:50,2,1,0
BRDA:56,3,0,0
BRDA:56,3,1,1
BRDA:62,4,0,0
BRDA:62,4,1,1
BRDA:79,5,0,1
BRDA:79,5,1,1
BRDA:79,6,0,2
BRDA:79,6,1,1
BRDA:80,7,0,1
BRDA:80,7,1,0
BRDA:81,8,0,1
BRDA:81,8,1,0
BRDA:124,9,0,1
BRDA:124,9,1,6
BRDA:125,10,0,1
BRDA:125,10,1,6
BRDA:128,11,0,7
BRDA:128,11,1,1
BRDA:148,12,0,1
BRDA:148,12,1,6
BRDA:149,13,0,1
BRDA:149,13,1,6
BRDA:152,14,0,7
BRDA:152,14,1,1
BRDA:161,15,0,7
BRDA:161,15,1,1
BRDA:176,16,0,0
BRDA:176,16,1,7
BRF:34
BRH:24
end_of_record
TN:
SF:src\components\ui\alert.tsx
FN:5,(anonymous_0)
FN:17,(anonymous_1)
FN:24,(anonymous_2)
FNF:3
FNH:3
FNDA:1,(anonymous_0)
FNDA:1,(anonymous_1)
FNDA:1,(anonymous_2)
DA:1,1
DA:2,1
DA:4,1
DA:6,1
DA:14,1
DA:16,1
DA:18,1
DA:21,1
DA:23,1
DA:25,1
DA:28,1
DA:30,1
LF:12
LH:12
BRF:0
BRH:0
end_of_record
TN:
SF:src\components\ui\button.tsx
FN:37,(anonymous_0)
FNF:1
FNH:1
FNDA:8,(anonymous_0)
DA:1,2
DA:2,2
DA:3,2
DA:4,2
DA:6,2
DA:36,2
DA:38,8
DA:39,8
DA:48,2
DA:50,2
LF:10
LH:10
BRDA:37,0,0,8
BRDA:38,1,0,0
BRDA:38,1,1,8
BRF:3
BRH:2
end_of_record
TN:
SF:src\components\ui\card.tsx
FN:5,(anonymous_0)
FN:16,(anonymous_1)
FN:23,(anonymous_2)
FN:30,(anonymous_3)
FN:37,(anonymous_4)
FN:44,(anonymous_5)
FNF:6
FNH:5
FNDA:6,(anonymous_0)
FNDA:6,(anonymous_1)
FNDA:6,(anonymous_2)
FNDA:6,(anonymous_3)
FNDA:6,(anonymous_4)
FNDA:0,(anonymous_5)
DA:1,1
DA:2,1
DA:4,1
DA:6,6
DA:13,1
DA:15,1
DA:17,6
DA:20,1
DA:22,1
DA:24,6
DA:27,1
DA:29,1
DA:31,6
DA:34,1
DA:36,1
DA:38,6
DA:41,1
DA:43,1
DA:45,0
DA:48,1
DA:50,1
LF:21
LH:20
BRF:0
BRH:0
end_of_record
TN:
SF:src\components\ui\dialog.tsx
FN:13,(anonymous_0)
FN:28,(anonymous_1)
FN:45,(anonymous_2)
FN:52,(anonymous_3)
FN:60,(anonymous_4)
FN:65,(anonymous_5)
FNF:6
FNH:5
FNDA:3,(anonymous_0)
FNDA:1,(anonymous_1)
FNDA:0,(anonymous_2)
FNDA:1,(anonymous_3)
FNDA:1,(anonymous_4)
FNDA:1,(anonymous_5)
DA:1,1
DA:2,1
DA:3,1
DA:5,1
DA:6,1
DA:7,1
DA:8,1
DA:10,1
DA:14,3
DA:23,1
DA:25,1
DA:29,1
DA:43,1
DA:45,1
DA:46,0
DA:49,1
DA:53,1
DA:55,1
DA:57,1
DA:61,1
DA:63,1
DA:65,1
DA:66,1
DA:69,1
LF:24
LH:23
BRF:0
BRH:0
end_of_record
TN:
SF:src\components\ui\input.tsx
FN:7,(anonymous_0)
FNF:1
FNH:1
FNDA:12,(anonymous_0)
DA:1,1
DA:2,1
DA:6,1
DA:8,12
DA:21,1
DA:23,1
LF:6
LH:6
BRF:0
BRH:0
end_of_record
TN:
SF:src\components\ui\label.tsx
FN:8,(anonymous_0)
FNF:1
FNH:1
FNDA:12,(anonymous_0)
DA:1,1
DA:2,1
DA:3,1
DA:5,1
DA:9,12
DA:18,1
DA:20,1
LF:7
LH:7
BRF:0
BRH:0
end_of_record
TN:
SF:src\lib\utils.ts
FN:4,cn
FNF:1
FNH:1
FNDA:72,cn
DA:1,2
DA:2,2
DA:4,2
DA:5,72
LF:4
LH:4
BRF:0
BRH:0
end_of_record
TN:
SF:src\util\validators.ts
FN:2,validateAltura
FN:10,validatePeso
FNF:2
FNH:2
FNDA:7,validateAltura
FNDA:7,validatePeso
DA:2,2
DA:3,7
DA:4,5
DA:5,3
DA:6,2
DA:10,2
DA:11,7
DA:12,5
DA:13,3
DA:14,2
LF:10
LH:10
BRDA:3,0,0,2
BRDA:3,0,1,5
BRDA:4,1,0,2
BRDA:4,1,1,3
BRDA:5,2,0,1
BRDA:5,2,1,2
BRDA:11,3,0,2
BRDA:11,3,1,5
BRDA:12,4,0,2
BRDA:12,4,1,3
BRDA:13,5,0,1
BRDA:13,5,1,2
BRF:12
BRH:12
end_of_record
